psw=F002 aw=0000 cw=0000 dw=0000 bw=0000 sp=0000 bp=0000 ix=0000 iy=0000 ds1=0000 ps=F000 ss=0000 ds0=0000 F0000: mov     sp,0A0h
psw=F002 aw=0000 cw=0000 dw=0000 bw=0000 sp=00A0 bp=0000 ix=0000 iy=0000 ds1=0000 ps=F000 ss=0000 ds0=0000 F0003: mov     aw,0FFFFh
psw=F002 aw=FFFF cw=0000 dw=0000 bw=0000 sp=00A0 bp=0000 ix=0000 iy=0000 ds1=0000 ps=F000 ss=0000 ds0=0000 F0006: mov     bw,1h
psw=F002 aw=FFFF cw=0000 dw=0000 bw=0001 sp=00A0 bp=0000 ix=0000 iy=0000 ds1=0000 ps=F000 ss=0000 ds0=0000 F0009: add     bw,aw
psw=F057 aw=FFFF cw=0000 dw=0000 bw=0000 sp=00A0 bp=0000 ix=0000 iy=0000 ds1=0000 ps=F000 ss=0000 ds0=0000 F000B: mov     [0h],aw
psw=F057 aw=FFFF cw=0000 dw=0000 bw=0000 sp=00A0 bp=0000 ix=0000 iy=0000 ds1=0000 ps=F000 ss=0000 ds0=0000 F000E: mov     [2h],bw
psw=F057 aw=FFFF cw=0000 dw=0000 bw=0000 sp=00A0 bp=0000 ix=0000 iy=0000 ds1=0000 ps=F000 ss=0000 ds0=0000 F0012: push    psw
psw=F057 aw=FFFF cw=0000 dw=0000 bw=0000 sp=009E bp=0000 ix=0000 iy=0000 ds1=0000 ps=F000 ss=0000 ds0=0000 F0013: mov     dw,0FFFFh
psw=F057 aw=FFFF cw=0000 dw=FFFF bw=0000 sp=009E bp=0000 ix=0000 iy=0000 ds1=0000 ps=F000 ss=0000 ds0=0000 F0016: mov     word ptr [4h],0FFFFh
psw=F057 aw=FFFF cw=0000 dw=FFFF bw=0000 sp=009E bp=0000 ix=0000 iy=0000 ds1=0000 ps=F000 ss=0000 ds0=0000 F001C: add     [4h],dw
psw=F093 aw=FFFF cw=0000 dw=FFFF bw=0000 sp=009E bp=0000 ix=0000 iy=0000 ds1=0000 ps=F000 ss=0000 ds0=0000 F0020: mov     [6h],dw
psw=F093 aw=FFFF cw=0000 dw=FFFF bw=0000 sp=009E bp=0000 ix=0000 iy=0000 ds1=0000 ps=F000 ss=0000 ds0=0000 F0024: push    psw
psw=F093 aw=FFFF cw=0000 dw=FFFF bw=0000 sp=009C bp=0000 ix=0000 iy=0000 ds1=0000 ps=F000 ss=0000 ds0=0000 F0025: mov     cw,1h
psw=F093 aw=FFFF cw=0001 dw=FFFF bw=0000 sp=009C bp=0000 ix=0000 iy=0000 ds1=0000 ps=F000 ss=0000 ds0=0000 F0028: mov     word ptr [8h],2h
psw=F093 aw=FFFF cw=0001 dw=FFFF bw=0000 sp=009C bp=0000 ix=0000 iy=0000 ds1=0000 ps=F000 ss=0000 ds0=0000 F002E: add     cw,[8h]
psw=F006 aw=FFFF cw=0003 dw=FFFF bw=0000 sp=009C bp=0000 ix=0000 iy=0000 ds1=0000 ps=F000 ss=0000 ds0=0000 F0032: mov     [0Ah],cw
psw=F006 aw=FFFF cw=0003 dw=FFFF bw=0000 sp=009C bp=0000 ix=0000 iy=0000 ds1=0000 ps=F000 ss=0000 ds0=0000 F0036: push    psw
psw=F006 aw=FFFF cw=0003 dw=FFFF bw=0000 sp=009A bp=0000 ix=0000 iy=0000 ds1=0000 ps=F000 ss=0000 ds0=0000 F0037: mov     aw,1h
psw=F006 aw=0001 cw=0003 dw=FFFF bw=0000 sp=009A bp=0000 ix=0000 iy=0000 ds1=0000 ps=F000 ss=0000 ds0=0000 F003A: add     aw,7FFFh
psw=F896 aw=8000 cw=0003 dw=FFFF bw=0000 sp=009A bp=0000 ix=0000 iy=0000 ds1=0000 ps=F000 ss=0000 ds0=0000 F003D: mov     [0Ch],aw
psw=F896 aw=8000 cw=0003 dw=FFFF bw=0000 sp=009A bp=0000 ix=0000 iy=0000 ds1=0000 ps=F000 ss=0000 ds0=0000 F0040: push    psw
psw=F896 aw=8000 cw=0003 dw=FFFF bw=0000 sp=0098 bp=0000 ix=0000 iy=0000 ds1=0000 ps=F000 ss=0000 ds0=0000 F0041: mov     bp,8000h
psw=F896 aw=8000 cw=0003 dw=FFFF bw=0000 sp=0098 bp=8000 ix=0000 iy=0000 ds1=0000 ps=F000 ss=0000 ds0=0000 F0044: add     bp,-1h
psw=F807 aw=8000 cw=0003 dw=FFFF bw=0000 sp=0098 bp=7FFF ix=0000 iy=0000 ds1=0000 ps=F000 ss=0000 ds0=0000 F0047: mov     [0Eh],bp
psw=F807 aw=8000 cw=0003 dw=FFFF bw=0000 sp=0098 bp=7FFF ix=0000 iy=0000 ds1=0000 ps=F000 ss=0000 ds0=0000 F004B: push    psw
psw=F807 aw=8000 cw=0003 dw=FFFF bw=0000 sp=0096 bp=7FFF ix=0000 iy=0000 ds1=0000 ps=F000 ss=0000 ds0=0000 F004C: mov     ix,0C783h
psw=F807 aw=8000 cw=0003 dw=FFFF bw=0000 sp=0096 bp=7FFF ix=C783 iy=0000 ds1=0000 ps=F000 ss=0000 ds0=0000 F004F: add     ix,0EB2Ah
psw=F083 aw=8000 cw=0003 dw=FFFF bw=0000 sp=0096 bp=7FFF ix=B2AD iy=0000 ds1=0000 ps=F000 ss=0000 ds0=0000 F0053: mov     [10h],ix
psw=F083 aw=8000 cw=0003 dw=FFFF bw=0000 sp=0096 bp=7FFF ix=B2AD iy=0000 ds1=0000 ps=F000 ss=0000 ds0=0000 F0057: push    psw
psw=F083 aw=8000 cw=0003 dw=FFFF bw=0000 sp=0094 bp=7FFF ix=B2AD iy=0000 ds1=0000 ps=F000 ss=0000 ds0=0000 F0058: mov     word ptr [12h],8960h
psw=F083 aw=8000 cw=0003 dw=FFFF bw=0000 sp=0094 bp=7FFF ix=B2AD iy=0000 ds1=0000 ps=F000 ss=0000 ds0=0000 F005E: add     word ptr [12h],0A95h
psw=F086 aw=8000 cw=0003 dw=FFFF bw=0000 sp=0094 bp=7FFF ix=B2AD iy=0000 ds1=0000 ps=F000 ss=0000 ds0=0000 F0064: push    psw
psw=F086 aw=8000 cw=0003 dw=FFFF bw=0000 sp=0092 bp=7FFF ix=B2AD iy=0000 ds1=0000 ps=F000 ss=0000 ds0=0000 F0065: mov     word ptr [14h],0F1E1h
psw=F086 aw=8000 cw=0003 dw=FFFF bw=0000 sp=0092 bp=7FFF ix=B2AD iy=0000 ds1=0000 ps=F000 ss=0000 ds0=0000 F006B: add     word ptr [14h],64h
psw=F082 aw=8000 cw=0003 dw=FFFF bw=0000 sp=0092 bp=7FFF ix=B2AD iy=0000 ds1=0000 ps=F000 ss=0000 ds0=0000 F0070: push    psw
psw=F082 aw=8000 cw=0003 dw=FFFF bw=0000 sp=0090 bp=7FFF ix=B2AD iy=0000 ds1=0000 ps=F000 ss=0000 ds0=0000 F0071: mov     byte ptr [16h],1h
psw=F082 aw=8000 cw=0003 dw=FFFF bw=0000 sp=0090 bp=7FFF ix=B2AD iy=0000 ds1=0000 ps=F000 ss=0000 ds0=0000 F0076: add     byte ptr [16h],0FFh
psw=F057 aw=8000 cw=0003 dw=FFFF bw=0000 sp=0090 bp=7FFF ix=B2AD iy=0000 ds1=0000 ps=F000 ss=0000 ds0=0000 F007B: push    psw
psw=F057 aw=8000 cw=0003 dw=FFFF bw=0000 sp=008E bp=7FFF ix=B2AD iy=0000 ds1=0000 ps=F000 ss=0000 ds0=0000 F007C: mov     dh,0FFh
psw=F057 aw=8000 cw=0003 dw=FFFF bw=0000 sp=008E bp=7FFF ix=B2AD iy=0000 ds1=0000 ps=F000 ss=0000 ds0=0000 F007E: add     dh,0FFh
psw=F093 aw=8000 cw=0003 dw=FEFF bw=0000 sp=008E bp=7FFF ix=B2AD iy=0000 ds1=0000 ps=F000 ss=0000 ds0=0000 F0081: mov     [17h],dw
psw=F093 aw=8000 cw=0003 dw=FEFF bw=0000 sp=008E bp=7FFF ix=B2AD iy=0000 ds1=0000 ps=F000 ss=0000 ds0=0000 F0085: push    psw
psw=F093 aw=8000 cw=0003 dw=FEFF bw=0000 sp=008C bp=7FFF ix=B2AD iy=0000 ds1=0000 ps=F000 ss=0000 ds0=0000 F0086: mov     al,1h
psw=F093 aw=8001 cw=0003 dw=FEFF bw=0000 sp=008C bp=7FFF ix=B2AD iy=0000 ds1=0000 ps=F000 ss=0000 ds0=0000 F0088: add     al,2h
psw=F006 aw=8003 cw=0003 dw=FEFF bw=0000 sp=008C bp=7FFF ix=B2AD iy=0000 ds1=0000 ps=F000 ss=0000 ds0=0000 F008A: mov     [19h],aw
psw=F006 aw=8003 cw=0003 dw=FEFF bw=0000 sp=008C bp=7FFF ix=B2AD iy=0000 ds1=0000 ps=F000 ss=0000 ds0=0000 F008D: push    psw
psw=F006 aw=8003 cw=0003 dw=FEFF bw=0000 sp=008A bp=7FFF ix=B2AD iy=0000 ds1=0000 ps=F000 ss=0000 ds0=0000 F008E: mov     byte ptr [1Bh],7Fh
psw=F006 aw=8003 cw=0003 dw=FEFF bw=0000 sp=008A bp=7FFF ix=B2AD iy=0000 ds1=0000 ps=F000 ss=0000 ds0=0000 F0093: mov     ch,1h
psw=F006 aw=8003 cw=0103 dw=FEFF bw=0000 sp=008A bp=7FFF ix=B2AD iy=0000 ds1=0000 ps=F000 ss=0000 ds0=0000 F0095: add     ch,[1Bh]
psw=F892 aw=8003 cw=8003 dw=FEFF bw=0000 sp=008A bp=7FFF ix=B2AD iy=0000 ds1=0000 ps=F000 ss=0000 ds0=0000 F0099: mov     [1Ch],cw
psw=F892 aw=8003 cw=8003 dw=FEFF bw=0000 sp=008A bp=7FFF ix=B2AD iy=0000 ds1=0000 ps=F000 ss=0000 ds0=0000 F009D: push    psw
psw=F892 aw=8003 cw=8003 dw=FEFF bw=0000 sp=0088 bp=7FFF ix=B2AD iy=0000 ds1=0000 ps=F000 ss=0000 ds0=0000 F009E: mov     bl,80h
psw=F892 aw=8003 cw=8003 dw=FEFF bw=0080 sp=0088 bp=7FFF ix=B2AD iy=0000 ds1=0000 ps=F000 ss=0000 ds0=0000 F00A0: mov     byte ptr [1Eh],0FFh
psw=F892 aw=8003 cw=8003 dw=FEFF bw=0080 sp=0088 bp=7FFF ix=B2AD iy=0000 ds1=0000 ps=F000 ss=0000 ds0=0000 F00A5: add     [1Eh],bl
psw=F803 aw=8003 cw=8003 dw=FEFF bw=0080 sp=0088 bp=7FFF ix=B2AD iy=0000 ds1=0000 ps=F000 ss=0000 ds0=0000 F00A9: mov     [1Fh],bw
psw=F803 aw=8003 cw=8003 dw=FEFF bw=0080 sp=0088 bp=7FFF ix=B2AD iy=0000 ds1=0000 ps=F000 ss=0000 ds0=0000 F00AD: push    psw
psw=F803 aw=8003 cw=8003 dw=FEFF bw=0080 sp=0086 bp=7FFF ix=B2AD iy=0000 ds1=0000 ps=F000 ss=0000 ds0=0000 F00AE: mov     al,0A6h
psw=F803 aw=80A6 cw=8003 dw=FEFF bw=0080 sp=0086 bp=7FFF ix=B2AD iy=0000 ds1=0000 ps=F000 ss=0000 ds0=0000 F00B0: mov     ah,86h
psw=F803 aw=86A6 cw=8003 dw=FEFF bw=0080 sp=0086 bp=7FFF ix=B2AD iy=0000 ds1=0000 ps=F000 ss=0000 ds0=0000 F00B2: add     ah,al
psw=F803 aw=2CA6 cw=8003 dw=FEFF bw=0080 sp=0086 bp=7FFF ix=B2AD iy=0000 ds1=0000 ps=F000 ss=0000 ds0=0000 F00B4: mov     [21h],aw
psw=F803 aw=2CA6 cw=8003 dw=FEFF bw=0080 sp=0086 bp=7FFF ix=B2AD iy=0000 ds1=0000 ps=F000 ss=0000 ds0=0000 F00B7: push    psw
psw=F803 aw=2CA6 cw=8003 dw=FEFF bw=0080 sp=0084 bp=7FFF ix=B2AD iy=0000 ds1=0000 ps=F000 ss=0000 ds0=0000 F00B8: mov     aw,0FFFFh
psw=F803 aw=FFFF cw=8003 dw=FEFF bw=0080 sp=0084 bp=7FFF ix=B2AD iy=0000 ds1=0000 ps=F000 ss=0000 ds0=0000 F00BB: mov     bw,1h
psw=F803 aw=FFFF cw=8003 dw=FEFF bw=0001 sp=0084 bp=7FFF ix=B2AD iy=0000 ds1=0000 ps=F000 ss=0000 ds0=0000 F00BE: addc    bw,aw
psw=F003 aw=FFFF cw=8003 dw=FEFF bw=0001 sp=0084 bp=7FFF ix=B2AD iy=0000 ds1=0000 ps=F000 ss=0000 ds0=0000 F00C0: mov     [23h],aw
psw=F003 aw=FFFF cw=8003 dw=FEFF bw=0001 sp=0084 bp=7FFF ix=B2AD iy=0000 ds1=0000 ps=F000 ss=0000 ds0=0000 F00C3: mov     [25h],bw
psw=F003 aw=FFFF cw=8003 dw=FEFF bw=0001 sp=0084 bp=7FFF ix=B2AD iy=0000 ds1=0000 ps=F000 ss=0000 ds0=0000 F00C7: push    psw
psw=F003 aw=FFFF cw=8003 dw=FEFF bw=0001 sp=0082 bp=7FFF ix=B2AD iy=0000 ds1=0000 ps=F000 ss=0000 ds0=0000 F00C8: mov     dw,0FFFFh
psw=F003 aw=FFFF cw=8003 dw=FFFF bw=0001 sp=0082 bp=7FFF ix=B2AD iy=0000 ds1=0000 ps=F000 ss=0000 ds0=0000 F00CB: mov     word ptr [27h],0FFFFh
psw=F003 aw=FFFF cw=8003 dw=FFFF bw=0001 sp=0082 bp=7FFF ix=B2AD iy=0000 ds1=0000 ps=F000 ss=0000 ds0=0000 F00D1: addc    [27h],dw
psw=F087 aw=FFFF cw=8003 dw=FFFF bw=0001 sp=0082 bp=7FFF ix=B2AD iy=0000 ds1=0000 ps=F000 ss=0000 ds0=0000 F00D5: mov     [29h],dw
psw=F087 aw=FFFF cw=8003 dw=FFFF bw=0001 sp=0082 bp=7FFF ix=B2AD iy=0000 ds1=0000 ps=F000 ss=0000 ds0=0000 F00D9: push    psw
psw=F087 aw=FFFF cw=8003 dw=FFFF bw=0001 sp=0080 bp=7FFF ix=B2AD iy=0000 ds1=0000 ps=F000 ss=0000 ds0=0000 F00DA: mov     cw,1h
psw=F087 aw=FFFF cw=0001 dw=FFFF bw=0001 sp=0080 bp=7FFF ix=B2AD iy=0000 ds1=0000 ps=F000 ss=0000 ds0=0000 F00DD: mov     word ptr [2Bh],2h
psw=F087 aw=FFFF cw=0001 dw=FFFF bw=0001 sp=0080 bp=7FFF ix=B2AD iy=0000 ds1=0000 ps=F000 ss=0000 ds0=0000 F00E3: addc    cw,[2Bh]
psw=F002 aw=FFFF cw=0004 dw=FFFF bw=0001 sp=0080 bp=7FFF ix=B2AD iy=0000 ds1=0000 ps=F000 ss=0000 ds0=0000 F00E7: mov     [2Dh],cw
psw=F002 aw=FFFF cw=0004 dw=FFFF bw=0001 sp=0080 bp=7FFF ix=B2AD iy=0000 ds1=0000 ps=F000 ss=0000 ds0=0000 F00EB: push    psw
psw=F002 aw=FFFF cw=0004 dw=FFFF bw=0001 sp=007E bp=7FFF ix=B2AD iy=0000 ds1=0000 ps=F000 ss=0000 ds0=0000 F00EC: mov     aw,1h
psw=F002 aw=0001 cw=0004 dw=FFFF bw=0001 sp=007E bp=7FFF ix=B2AD iy=0000 ds1=0000 ps=F000 ss=0000 ds0=0000 F00EF: addc    aw,7FFFh
psw=F896 aw=8000 cw=0004 dw=FFFF bw=0001 sp=007E bp=7FFF ix=B2AD iy=0000 ds1=0000 ps=F000 ss=0000 ds0=0000 F00F2: mov     [2Fh],aw
psw=F896 aw=8000 cw=0004 dw=FFFF bw=0001 sp=007E bp=7FFF ix=B2AD iy=0000 ds1=0000 ps=F000 ss=0000 ds0=0000 F00F5: push    psw
psw=F896 aw=8000 cw=0004 dw=FFFF bw=0001 sp=007C bp=7FFF ix=B2AD iy=0000 ds1=0000 ps=F000 ss=0000 ds0=0000 F00F6: mov     bp,8000h
psw=F896 aw=8000 cw=0004 dw=FFFF bw=0001 sp=007C bp=8000 ix=B2AD iy=0000 ds1=0000 ps=F000 ss=0000 ds0=0000 F00F9: addc    bp,-1h
psw=F807 aw=8000 cw=0004 dw=FFFF bw=0001 sp=007C bp=7FFF ix=B2AD iy=0000 ds1=0000 ps=F000 ss=0000 ds0=0000 F00FC: mov     [31h],bp
psw=F807 aw=8000 cw=0004 dw=FFFF bw=0001 sp=007C bp=7FFF ix=B2AD iy=0000 ds1=0000 ps=F000 ss=0000 ds0=0000 F0100: push    psw
psw=F807 aw=8000 cw=0004 dw=FFFF bw=0001 sp=007A bp=7FFF ix=B2AD iy=0000 ds1=0000 ps=F000 ss=0000 ds0=0000 F0101: mov     ix,77D3h
psw=F807 aw=8000 cw=0004 dw=FFFF bw=0001 sp=007A bp=7FFF ix=77D3 iy=0000 ds1=0000 ps=F000 ss=0000 ds0=0000 F0104: addc    ix,8425h
psw=F086 aw=8000 cw=0004 dw=FFFF bw=0001 sp=007A bp=7FFF ix=FBF9 iy=0000 ds1=0000 ps=F000 ss=0000 ds0=0000 F0108: mov     [33h],ix
psw=F086 aw=8000 cw=0004 dw=FFFF bw=0001 sp=007A bp=7FFF ix=FBF9 iy=0000 ds1=0000 ps=F000 ss=0000 ds0=0000 F010C: push    psw
psw=F086 aw=8000 cw=0004 dw=FFFF bw=0001 sp=0078 bp=7FFF ix=FBF9 iy=0000 ds1=0000 ps=F000 ss=0000 ds0=0000 F010D: mov     word ptr [35h],0EBA0h
psw=F086 aw=8000 cw=0004 dw=FFFF bw=0001 sp=0078 bp=7FFF ix=FBF9 iy=0000 ds1=0000 ps=F000 ss=0000 ds0=0000 F0113: addc    word ptr [35h],0D3C1h
psw=F083 aw=8000 cw=0004 dw=FFFF bw=0001 sp=0078 bp=7FFF ix=FBF9 iy=0000 ds1=0000 ps=F000 ss=0000 ds0=0000 F0119: push    psw
psw=F083 aw=8000 cw=0004 dw=FFFF bw=0001 sp=0076 bp=7FFF ix=FBF9 iy=0000 ds1=0000 ps=F000 ss=0000 ds0=0000 F011A: mov     word ptr [37h],7F50h
psw=F083 aw=8000 cw=0004 dw=FFFF bw=0001 sp=0076 bp=7FFF ix=FBF9 iy=0000 ds1=0000 ps=F000 ss=0000 ds0=0000 F0120: addc    word ptr [37h],-0Bh
psw=F003 aw=8000 cw=0004 dw=FFFF bw=0001 sp=0076 bp=7FFF ix=FBF9 iy=0000 ds1=0000 ps=F000 ss=0000 ds0=0000 F0125: push    psw
psw=F003 aw=8000 cw=0004 dw=FFFF bw=0001 sp=0074 bp=7FFF ix=FBF9 iy=0000 ds1=0000 ps=F000 ss=0000 ds0=0000 F0126: mov     byte ptr [39h],1h
psw=F003 aw=8000 cw=0004 dw=FFFF bw=0001 sp=0074 bp=7FFF ix=FBF9 iy=0000 ds1=0000 ps=F000 ss=0000 ds0=0000 F012B: addc    byte ptr [39h],0FFh
psw=F003 aw=8000 cw=0004 dw=FFFF bw=0001 sp=0074 bp=7FFF ix=FBF9 iy=0000 ds1=0000 ps=F000 ss=0000 ds0=0000 F0130: push    psw
psw=F003 aw=8000 cw=0004 dw=FFFF bw=0001 sp=0072 bp=7FFF ix=FBF9 iy=0000 ds1=0000 ps=F000 ss=0000 ds0=0000 F0131: mov     dh,0FFh
psw=F003 aw=8000 cw=0004 dw=FFFF bw=0001 sp=0072 bp=7FFF ix=FBF9 iy=0000 ds1=0000 ps=F000 ss=0000 ds0=0000 F0133: addc    dh,0FFh
psw=F087 aw=8000 cw=0004 dw=FFFF bw=0001 sp=0072 bp=7FFF ix=FBF9 iy=0000 ds1=0000 ps=F000 ss=0000 ds0=0000 F0136: mov     [3Ah],dw
psw=F087 aw=8000 cw=0004 dw=FFFF bw=0001 sp=0072 bp=7FFF ix=FBF9 iy=0000 ds1=0000 ps=F000 ss=0000 ds0=0000 F013A: push    psw
psw=F087 aw=8000 cw=0004 dw=FFFF bw=0001 sp=0070 bp=7FFF ix=FBF9 iy=0000 ds1=0000 ps=F000 ss=0000 ds0=0000 F013B: mov     al,1h
psw=F087 aw=8001 cw=0004 dw=FFFF bw=0001 sp=0070 bp=7FFF ix=FBF9 iy=0000 ds1=0000 ps=F000 ss=0000 ds0=0000 F013D: addc    al,2h
psw=F002 aw=8004 cw=0004 dw=FFFF bw=0001 sp=0070 bp=7FFF ix=FBF9 iy=0000 ds1=0000 ps=F000 ss=0000 ds0=0000 F013F: mov     [3Ch],aw
psw=F002 aw=8004 cw=0004 dw=FFFF bw=0001 sp=0070 bp=7FFF ix=FBF9 iy=0000 ds1=0000 ps=F000 ss=0000 ds0=0000 F0142: push    psw
psw=F002 aw=8004 cw=0004 dw=FFFF bw=0001 sp=006E bp=7FFF ix=FBF9 iy=0000 ds1=0000 ps=F000 ss=0000 ds0=0000 F0143: mov     byte ptr [3Eh],7Fh
psw=F002 aw=8004 cw=0004 dw=FFFF bw=0001 sp=006E bp=7FFF ix=FBF9 iy=0000 ds1=0000 ps=F000 ss=0000 ds0=0000 F0148: mov     ch,1h
psw=F002 aw=8004 cw=0104 dw=FFFF bw=0001 sp=006E bp=7FFF ix=FBF9 iy=0000 ds1=0000 ps=F000 ss=0000 ds0=0000 F014A: addc    ch,[3Eh]
psw=F892 aw=8004 cw=8004 dw=FFFF bw=0001 sp=006E bp=7FFF ix=FBF9 iy=0000 ds1=0000 ps=F000 ss=0000 ds0=0000 F014E: mov     [3Fh],cw
psw=F892 aw=8004 cw=8004 dw=FFFF bw=0001 sp=006E bp=7FFF ix=FBF9 iy=0000 ds1=0000 ps=F000 ss=0000 ds0=0000 F0152: push    psw
psw=F892 aw=8004 cw=8004 dw=FFFF bw=0001 sp=006C bp=7FFF ix=FBF9 iy=0000 ds1=0000 ps=F000 ss=0000 ds0=0000 F0153: mov     bl,80h
psw=F892 aw=8004 cw=8004 dw=FFFF bw=0080 sp=006C bp=7FFF ix=FBF9 iy=0000 ds1=0000 ps=F000 ss=0000 ds0=0000 F0155: mov     byte ptr [41h],0FFh
psw=F892 aw=8004 cw=8004 dw=FFFF bw=0080 sp=006C bp=7FFF ix=FBF9 iy=0000 ds1=0000 ps=F000 ss=0000 ds0=0000 F015A: addc    [41h],bl
psw=F803 aw=8004 cw=8004 dw=FFFF bw=0080 sp=006C bp=7FFF ix=FBF9 iy=0000 ds1=0000 ps=F000 ss=0000 ds0=0000 F015E: mov     [42h],bw
psw=F803 aw=8004 cw=8004 dw=FFFF bw=0080 sp=006C bp=7FFF ix=FBF9 iy=0000 ds1=0000 ps=F000 ss=0000 ds0=0000 F0162: push    psw
psw=F803 aw=8004 cw=8004 dw=FFFF bw=0080 sp=006A bp=7FFF ix=FBF9 iy=0000 ds1=0000 ps=F000 ss=0000 ds0=0000 F0163: mov     al,0B9h
psw=F803 aw=80B9 cw=8004 dw=FFFF bw=0080 sp=006A bp=7FFF ix=FBF9 iy=0000 ds1=0000 ps=F000 ss=0000 ds0=0000 F0165: mov     ah,0D3h
psw=F803 aw=D3B9 cw=8004 dw=FFFF bw=0080 sp=006A bp=7FFF ix=FBF9 iy=0000 ds1=0000 ps=F000 ss=0000 ds0=0000 F0167: addc    ah,al
psw=F087 aw=8DB9 cw=8004 dw=FFFF bw=0080 sp=006A bp=7FFF ix=FBF9 iy=0000 ds1=0000 ps=F000 ss=0000 ds0=0000 F0169: mov     [44h],aw
psw=F087 aw=8DB9 cw=8004 dw=FFFF bw=0080 sp=006A bp=7FFF ix=FBF9 iy=0000 ds1=0000 ps=F000 ss=0000 ds0=0000 F016C: push    psw
psw=F087 aw=8DB9 cw=8004 dw=FFFF bw=0080 sp=0068 bp=7FFF ix=FBF9 iy=0000 ds1=0000 ps=F000 ss=0000 ds0=0000 F016D: mov     iy,0FFFFh
psw=F087 aw=8DB9 cw=8004 dw=FFFF bw=0080 sp=0068 bp=7FFF ix=FBF9 iy=FFFF ds1=0000 ps=F000 ss=0000 ds0=0000 F0170: inc     iy
psw=F057 aw=8DB9 cw=8004 dw=FFFF bw=0080 sp=0068 bp=7FFF ix=FBF9 iy=0000 ds1=0000 ps=F000 ss=0000 ds0=0000 F0171: mov     [46h],iy
psw=F057 aw=8DB9 cw=8004 dw=FFFF bw=0080 sp=0068 bp=7FFF ix=FBF9 iy=0000 ds1=0000 ps=F000 ss=0000 ds0=0000 F0175: push    psw
psw=F057 aw=8DB9 cw=8004 dw=FFFF bw=0080 sp=0066 bp=7FFF ix=FBF9 iy=0000 ds1=0000 ps=F000 ss=0000 ds0=0000 F0176: mov     bp,7FFFh
psw=F057 aw=8DB9 cw=8004 dw=FFFF bw=0080 sp=0066 bp=7FFF ix=FBF9 iy=0000 ds1=0000 ps=F000 ss=0000 ds0=0000 F0179: inc     bp
psw=F897 aw=8DB9 cw=8004 dw=FFFF bw=0080 sp=0066 bp=8000 ix=FBF9 iy=0000 ds1=0000 ps=F000 ss=0000 ds0=0000 F017B: mov     [48h],bp
psw=F897 aw=8DB9 cw=8004 dw=FFFF bw=0080 sp=0066 bp=8000 ix=FBF9 iy=0000 ds1=0000 ps=F000 ss=0000 ds0=0000 F017F: push    psw
psw=F897 aw=8DB9 cw=8004 dw=FFFF bw=0080 sp=0064 bp=8000 ix=FBF9 iy=0000 ds1=0000 ps=F000 ss=0000 ds0=0000 F0180: mov     word ptr [4Ah],7412h
psw=F897 aw=8DB9 cw=8004 dw=FFFF bw=0080 sp=0064 bp=8000 ix=FBF9 iy=0000 ds1=0000 ps=F000 ss=0000 ds0=0000 F0186: inc     word ptr [4Ah]
psw=F003 aw=8DB9 cw=8004 dw=FFFF bw=0080 sp=0064 bp=8000 ix=FBF9 iy=0000 ds1=0000 ps=F000 ss=0000 ds0=0000 F018A: push    psw
psw=F003 aw=8DB9 cw=8004 dw=FFFF bw=0080 sp=0062 bp=8000 ix=FBF9 iy=0000 ds1=0000 ps=F000 ss=0000 ds0=0000 F018B: mov     dl,7Fh
psw=F003 aw=8DB9 cw=8004 dw=FF7F bw=0080 sp=0062 bp=8000 ix=FBF9 iy=0000 ds1=0000 ps=F000 ss=0000 ds0=0000 F018D: inc     dl
psw=F893 aw=8DB9 cw=8004 dw=FF80 bw=0080 sp=0062 bp=8000 ix=FBF9 iy=0000 ds1=0000 ps=F000 ss=0000 ds0=0000 F018F: mov     [4Ch],dw
psw=F893 aw=8DB9 cw=8004 dw=FF80 bw=0080 sp=0062 bp=8000 ix=FBF9 iy=0000 ds1=0000 ps=F000 ss=0000 ds0=0000 F0193: push    psw
psw=F893 aw=8DB9 cw=8004 dw=FF80 bw=0080 sp=0060 bp=8000 ix=FBF9 iy=0000 ds1=0000 ps=F000 ss=0000 ds0=0000 F0194: mov     byte ptr [4Dh],0FFh
psw=F893 aw=8DB9 cw=8004 dw=FF80 bw=0080 sp=0060 bp=8000 ix=FBF9 iy=0000 ds1=0000 ps=F000 ss=0000 ds0=0000 F0199: inc     byte ptr [4Dh]
psw=F057 aw=8DB9 cw=8004 dw=FF80 bw=0080 sp=0060 bp=8000 ix=FBF9 iy=0000 ds1=0000 ps=F000 ss=0000 ds0=0000 F019D: push    psw
psw=F057 aw=8DB9 cw=8004 dw=FF80 bw=0080 sp=005E bp=8000 ix=FBF9 iy=0000 ds1=0000 ps=F000 ss=0000 ds0=0000 F019E: mov     byte ptr [4Eh],0B5h
psw=F057 aw=8DB9 cw=8004 dw=FF80 bw=0080 sp=005E bp=8000 ix=FBF9 iy=0000 ds1=0000 ps=F000 ss=0000 ds0=0000 F01A3: inc     byte ptr [4Eh]
psw=F083 aw=8DB9 cw=8004 dw=FF80 bw=0080 sp=005E bp=8000 ix=FBF9 iy=0000 ds1=0000 ps=F000 ss=0000 ds0=0000 F01A7: push    psw
psw=F083 aw=8DB9 cw=8004 dw=FF80 bw=0080 sp=005C bp=8000 ix=FBF9 iy=0000 ds1=0000 ps=F000 ss=0000 ds0=0000 F01A8: halt    
