psw=F002 aw=0000 cw=0000 dw=0000 bw=0000 sp=1000 bp=0000 ix=0000 iy=0000 ds1=0000 ps=F000 ss=0000 ds0=0000 FFFF3: mov     ss,sp
psw=F002 aw=0000 cw=0000 dw=0000 bw=0000 sp=1000 bp=0000 ix=0000 iy=0000 ds1=0000 ps=F000 ss=1000 ds0=0000 FFFF5: br      100000h
psw=F002 aw=0000 cw=0000 dw=0000 bw=0000 sp=1000 bp=0000 ix=0000 iy=0000 ds1=0000 ps=F000 ss=1000 ds0=0000 F0000: rep     movbkb  
psw=F002 aw=0000 cw=0000 dw=0000 bw=0000 sp=1000 bp=0000 ix=0000 iy=0000 ds1=0000 ps=F000 ss=1000 ds0=0000 F0002: rep     movbkb  
psw=F002 aw=0000 cw=0000 dw=0000 bw=0000 sp=1000 bp=0000 ix=0000 iy=0000 ds1=0000 ps=F000 ss=1000 ds0=0000 F0004: repne   movbkb  
psw=F002 aw=0000 cw=0000 dw=0000 bw=0000 sp=1000 bp=0000 ix=0000 iy=0000 ds1=0000 ps=F000 ss=1000 ds0=0000 F0006: rep     cmpbkb  
psw=F002 aw=0000 cw=0000 dw=0000 bw=0000 sp=1000 bp=0000 ix=0000 iy=0000 ds1=0000 ps=F000 ss=1000 ds0=0000 F0008: rep     cmpbkb  
psw=F002 aw=0000 cw=0000 dw=0000 bw=0000 sp=1000 bp=0000 ix=0000 iy=0000 ds1=0000 ps=F000 ss=1000 ds0=0000 F000A: repne   cmpbkb  
psw=F002 aw=0000 cw=0000 dw=0000 bw=0000 sp=1000 bp=0000 ix=0000 iy=0000 ds1=0000 ps=F000 ss=1000 ds0=0000 F000C: rep     cmpmb   
psw=F002 aw=0000 cw=0000 dw=0000 bw=0000 sp=1000 bp=0000 ix=0000 iy=0000 ds1=0000 ps=F000 ss=1000 ds0=0000 F000E: rep     cmpmb   
psw=F002 aw=0000 cw=0000 dw=0000 bw=0000 sp=1000 bp=0000 ix=0000 iy=0000 ds1=0000 ps=F000 ss=1000 ds0=0000 F0010: repne   cmpmb   
psw=F002 aw=0000 cw=0000 dw=0000 bw=0000 sp=1000 bp=0000 ix=0000 iy=0000 ds1=0000 ps=F000 ss=1000 ds0=0000 F0012: rep     ldmb    
psw=F002 aw=0000 cw=0000 dw=0000 bw=0000 sp=1000 bp=0000 ix=0000 iy=0000 ds1=0000 ps=F000 ss=1000 ds0=0000 F0014: rep     ldmb    
psw=F002 aw=0000 cw=0000 dw=0000 bw=0000 sp=1000 bp=0000 ix=0000 iy=0000 ds1=0000 ps=F000 ss=1000 ds0=0000 F0016: repne   ldmb    
psw=F002 aw=0000 cw=0000 dw=0000 bw=0000 sp=1000 bp=0000 ix=0000 iy=0000 ds1=0000 ps=F000 ss=1000 ds0=0000 F0018: rep     stmb    
psw=F002 aw=0000 cw=0000 dw=0000 bw=0000 sp=1000 bp=0000 ix=0000 iy=0000 ds1=0000 ps=F000 ss=1000 ds0=0000 F001A: rep     stmb    
psw=F002 aw=0000 cw=0000 dw=0000 bw=0000 sp=1000 bp=0000 ix=0000 iy=0000 ds1=0000 ps=F000 ss=1000 ds0=0000 F001C: repne   stmb    
psw=F002 aw=0000 cw=0000 dw=0000 bw=0000 sp=1000 bp=0000 ix=0000 iy=0000 ds1=0000 ps=F000 ss=1000 ds0=0000 F001E: mov     bw,40h
psw=F002 aw=0000 cw=0000 dw=0000 bw=0040 sp=1000 bp=0000 ix=0000 iy=0000 ds1=0000 ps=F000 ss=1000 ds0=0000 F0021: push    bw
psw=F002 aw=0000 cw=0000 dw=0000 bw=0040 sp=0FFE bp=0000 ix=0000 iy=0000 ds1=0000 ps=F000 ss=1000 ds0=0000 F0022: pop     psw
psw=F042 aw=0000 cw=0000 dw=0000 bw=0040 sp=1000 bp=0000 ix=0000 iy=0000 ds1=0000 ps=F000 ss=1000 ds0=0000 F0023: rep     movbkb  
psw=F042 aw=0000 cw=0000 dw=0000 bw=0040 sp=1000 bp=0000 ix=0000 iy=0000 ds1=0000 ps=F000 ss=1000 ds0=0000 F0025: repne   movbkb  
psw=F042 aw=0000 cw=0000 dw=0000 bw=0040 sp=1000 bp=0000 ix=0000 iy=0000 ds1=0000 ps=F000 ss=1000 ds0=0000 F0027: rep     cmpbkb  
psw=F042 aw=0000 cw=0000 dw=0000 bw=0040 sp=1000 bp=0000 ix=0000 iy=0000 ds1=0000 ps=F000 ss=1000 ds0=0000 F0029: repne   cmpbkb  
psw=F042 aw=0000 cw=0000 dw=0000 bw=0040 sp=1000 bp=0000 ix=0000 iy=0000 ds1=0000 ps=F000 ss=1000 ds0=0000 F002B: rep     cmpmb   
psw=F042 aw=0000 cw=0000 dw=0000 bw=0040 sp=1000 bp=0000 ix=0000 iy=0000 ds1=0000 ps=F000 ss=1000 ds0=0000 F002D: repne   cmpmb   
psw=F042 aw=0000 cw=0000 dw=0000 bw=0040 sp=1000 bp=0000 ix=0000 iy=0000 ds1=0000 ps=F000 ss=1000 ds0=0000 F002F: rep     ldmb    
psw=F042 aw=0000 cw=0000 dw=0000 bw=0040 sp=1000 bp=0000 ix=0000 iy=0000 ds1=0000 ps=F000 ss=1000 ds0=0000 F0031: repne   ldmb    
psw=F042 aw=0000 cw=0000 dw=0000 bw=0040 sp=1000 bp=0000 ix=0000 iy=0000 ds1=0000 ps=F000 ss=1000 ds0=0000 F0033: rep     stmb    
psw=F042 aw=0000 cw=0000 dw=0000 bw=0040 sp=1000 bp=0000 ix=0000 iy=0000 ds1=0000 ps=F000 ss=1000 ds0=0000 F0035: repne   stmb    
psw=F042 aw=0000 cw=0000 dw=0000 bw=0040 sp=1000 bp=0000 ix=0000 iy=0000 ds1=0000 ps=F000 ss=1000 ds0=0000 F0037: mov     aw,iy
psw=F042 aw=0000 cw=0000 dw=0000 bw=0040 sp=1000 bp=0000 ix=0000 iy=0000 ds1=0000 ps=F000 ss=1000 ds0=0000 F0039: mov     ah,10h
psw=F042 aw=1000 cw=0000 dw=0000 bw=0040 sp=1000 bp=0000 ix=0000 iy=0000 ds1=0000 ps=F000 ss=1000 ds0=0000 F003B: br      aw
psw=F042 aw=1000 cw=0000 dw=0000 bw=0040 sp=1000 bp=0000 ix=0000 iy=0000 ds1=0000 ps=F000 ss=1000 ds0=0000 F1000: mov     cw,0h
psw=F042 aw=1000 cw=0000 dw=0000 bw=0040 sp=1000 bp=0000 ix=0000 iy=0000 ds1=0000 ps=F000 ss=1000 ds0=0000 F1003: rep     push    cw
psw=F042 aw=1000 cw=0000 dw=0000 bw=0040 sp=0FFE bp=0000 ix=0000 iy=0000 ds1=0000 ps=F000 ss=1000 ds0=0000 F1005: br      sp
psw=F042 aw=1000 cw=0000 dw=0000 bw=0040 sp=0FFE bp=0000 ix=0000 iy=0000 ds1=0000 ps=F000 ss=1000 ds0=0000 F0FFE: br      0F1007h
psw=F042 aw=1000 cw=0000 dw=0000 bw=0040 sp=0FFE bp=0000 ix=0000 iy=0000 ds1=0000 ps=F000 ss=1000 ds0=0000 F1007: mov     cw,110Ah
psw=F042 aw=1000 cw=110A dw=0000 bw=0040 sp=0FFE bp=0000 ix=0000 iy=0000 ds1=0000 ps=F000 ss=1000 ds0=0000 F100A: rep     push    cw
psw=F042 aw=1000 cw=110A dw=0000 bw=0040 sp=0FFC bp=0000 ix=0000 iy=0000 ds1=0000 ps=F000 ss=1000 ds0=0000 F100C: br      sp
psw=F042 aw=1000 cw=110A dw=0000 bw=0040 sp=0FFC bp=0000 ix=0000 iy=0000 ds1=0000 ps=F000 ss=1000 ds0=0000 F0FFC: br      0F100Eh
psw=F042 aw=1000 cw=110A dw=0000 bw=0040 sp=0FFC bp=0000 ix=0000 iy=0000 ds1=0000 ps=F000 ss=1000 ds0=0000 F100E: br      cw
psw=F042 aw=1000 cw=110A dw=0000 bw=0040 sp=0FFC bp=0000 ix=0000 iy=0000 ds1=0000 ps=F000 ss=1000 ds0=0000 F110A: mov     cw,5h
psw=F042 aw=1000 cw=0005 dw=0000 bw=0040 sp=0FFC bp=0000 ix=0000 iy=0000 ds1=0000 ps=F000 ss=1000 ds0=0000 F110D: mov     dw,0h
psw=F042 aw=1000 cw=0005 dw=0000 bw=0040 sp=0FFC bp=0000 ix=0000 iy=0000 ds1=0000 ps=F000 ss=1000 ds0=0000 F1110: push    dw
psw=F042 aw=1000 cw=0005 dw=0000 bw=0040 sp=0FFA bp=0000 ix=0000 iy=0000 ds1=0000 ps=F000 ss=1000 ds0=0000 F1111: pop     psw
psw=F002 aw=1000 cw=0005 dw=0000 bw=0040 sp=0FFC bp=0000 ix=0000 iy=0000 ds1=0000 ps=F000 ss=1000 ds0=0000 F1112: repne   pop     cw
psw=F002 aw=1000 cw=110A dw=0000 bw=0040 sp=0FFE bp=0000 ix=0000 iy=0000 ds1=0000 ps=F000 ss=1000 ds0=0000 F1114: mov     aw,cw
psw=F002 aw=110A cw=110A dw=0000 bw=0040 sp=0FFE bp=0000 ix=0000 iy=0000 ds1=0000 ps=F000 ss=1000 ds0=0000 F1116: mov     ah,20h
psw=F002 aw=200A cw=110A dw=0000 bw=0040 sp=0FFE bp=0000 ix=0000 iy=0000 ds1=0000 ps=F000 ss=1000 ds0=0000 F1118: br      aw
psw=F002 aw=200A cw=110A dw=0000 bw=0040 sp=0FFE bp=0000 ix=0000 iy=0000 ds1=0000 ps=F000 ss=1000 ds0=0000 F200A: push    bw
psw=F002 aw=200A cw=110A dw=0000 bw=0040 sp=0FFC bp=0000 ix=0000 iy=0000 ds1=0000 ps=F000 ss=1000 ds0=0000 F200B: pop     psw
psw=F042 aw=200A cw=110A dw=0000 bw=0040 sp=0FFE bp=0000 ix=0000 iy=0000 ds1=0000 ps=F000 ss=1000 ds0=0000 F200C: mov     cw,2h
psw=F042 aw=200A cw=0002 dw=0000 bw=0040 sp=0FFE bp=0000 ix=0000 iy=0000 ds1=0000 ps=F000 ss=1000 ds0=0000 F200F: mov     ix,3000h
psw=F042 aw=200A cw=0002 dw=0000 bw=0040 sp=0FFE bp=0000 ix=3000 iy=0000 ds1=0000 ps=F000 ss=1000 ds0=0000 F2012: mov     aw,0F000h
psw=F042 aw=F000 cw=0002 dw=0000 bw=0040 sp=0FFE bp=0000 ix=3000 iy=0000 ds1=0000 ps=F000 ss=1000 ds0=0000 F2015: mov     ds0,aw
psw=F042 aw=F000 cw=0002 dw=0000 bw=0040 sp=0FFE bp=0000 ix=3000 iy=0000 ds1=0000 ps=F000 ss=1000 ds0=F000 F2017: mov     aw,1000h
psw=F042 aw=1000 cw=0002 dw=0000 bw=0040 sp=0FFE bp=0000 ix=3000 iy=0000 ds1=0000 ps=F000 ss=1000 ds0=F000 F201A: mov     ds1,aw
psw=F042 aw=1000 cw=0002 dw=0000 bw=0040 sp=0FFE bp=0000 ix=3000 iy=0000 ds1=1000 ps=F000 ss=1000 ds0=F000 F201C: mov     iy,0h
psw=F042 aw=1000 cw=0002 dw=0000 bw=0040 sp=0FFE bp=0000 ix=3000 iy=0000 ds1=1000 ps=F000 ss=1000 ds0=F000 F201F: rep     movbkb  
psw=F042 aw=1000 cw=0000 dw=0000 bw=0040 sp=0FFE bp=0000 ix=3002 iy=0002 ds1=1000 ps=F000 ss=1000 ds0=F000 F2021: mov     ds0,aw
psw=F042 aw=1000 cw=0000 dw=0000 bw=0040 sp=0FFE bp=0000 ix=3002 iy=0002 ds1=1000 ps=F000 ss=1000 ds0=1000 F2023: mov     aw,[0h]
psw=F042 aw=0809 cw=0000 dw=0000 bw=0040 sp=0FFE bp=0000 ix=3002 iy=0002 ds1=1000 ps=F000 ss=1000 ds0=1000 F2026: mov     bp,iy
psw=F042 aw=0809 cw=0000 dw=0000 bw=0040 sp=0FFE bp=0002 ix=3002 iy=0002 ds1=1000 ps=F000 ss=1000 ds0=1000 F2028: mov     [bp+ix],aw
psw=F042 aw=0809 cw=0000 dw=0000 bw=0040 sp=0FFE bp=0002 ix=3002 iy=0002 ds1=1000 ps=F000 ss=1000 ds0=1000 F202A: bcwz    0F202Dh
psw=F042 aw=0809 cw=0000 dw=0000 bw=0040 sp=0FFE bp=0002 ix=3002 iy=0002 ds1=1000 ps=F000 ss=1000 ds0=1000 F202D: br      word ptr [3004h]
psw=F042 aw=0809 cw=0000 dw=0000 bw=0040 sp=0FFE bp=0002 ix=3002 iy=0002 ds1=1000 ps=F000 ss=1000 ds0=1000 F0809: br      0F300Dh
psw=F042 aw=0809 cw=0000 dw=0000 bw=0040 sp=0FFE bp=0002 ix=3002 iy=0002 ds1=1000 ps=F000 ss=1000 ds0=1000 F300D: mov     aw,0F000h
psw=F042 aw=F000 cw=0000 dw=0000 bw=0040 sp=0FFE bp=0002 ix=3002 iy=0002 ds1=1000 ps=F000 ss=1000 ds0=1000 F3010: mov     ds0,aw
psw=F042 aw=F000 cw=0000 dw=0000 bw=0040 sp=0FFE bp=0002 ix=3002 iy=0002 ds1=1000 ps=F000 ss=1000 ds0=F000 F3012: mov     cw,1h
psw=F042 aw=F000 cw=0001 dw=0000 bw=0040 sp=0FFE bp=0002 ix=3002 iy=0002 ds1=1000 ps=F000 ss=1000 ds0=F000 F3015: mov     aw,0h
psw=F042 aw=0000 cw=0001 dw=0000 bw=0040 sp=0FFE bp=0002 ix=3002 iy=0002 ds1=1000 ps=F000 ss=1000 ds0=F000 F3018: push    aw
psw=F042 aw=0000 cw=0001 dw=0000 bw=0040 sp=0FFC bp=0002 ix=3002 iy=0002 ds1=1000 ps=F000 ss=1000 ds0=F000 F3019: pop     psw
psw=F002 aw=0000 cw=0001 dw=0000 bw=0040 sp=0FFE bp=0002 ix=3002 iy=0002 ds1=1000 ps=F000 ss=1000 ds0=F000 F301A: rep     movbkw  
psw=F002 aw=0000 cw=0000 dw=0000 bw=0040 sp=0FFE bp=0002 ix=3004 iy=0004 ds1=1000 ps=F000 ss=1000 ds0=F000 F301C: mov     aw,1000h
psw=F002 aw=1000 cw=0000 dw=0000 bw=0040 sp=0FFE bp=0002 ix=3004 iy=0004 ds1=1000 ps=F000 ss=1000 ds0=F000 F301F: mov     ds0,aw
psw=F002 aw=1000 cw=0000 dw=0000 bw=0040 sp=0FFE bp=0002 ix=3004 iy=0004 ds1=1000 ps=F000 ss=1000 ds0=1000 F3021: mov     aw,[2h]
psw=F002 aw=0607 cw=0000 dw=0000 bw=0040 sp=0FFE bp=0002 ix=3004 iy=0004 ds1=1000 ps=F000 ss=1000 ds0=1000 F3024: mov     bp,iy
psw=F002 aw=0607 cw=0000 dw=0000 bw=0040 sp=0FFE bp=0004 ix=3004 iy=0004 ds1=1000 ps=F000 ss=1000 ds0=1000 F3026: mov     [bp+ix],aw
psw=F002 aw=0607 cw=0000 dw=0000 bw=0040 sp=0FFE bp=0004 ix=3004 iy=0004 ds1=1000 ps=F000 ss=1000 ds0=1000 F3028: bcwz    0F302Bh
psw=F002 aw=0607 cw=0000 dw=0000 bw=0040 sp=0FFE bp=0004 ix=3004 iy=0004 ds1=1000 ps=F000 ss=1000 ds0=1000 F302B: br      word ptr [3008h]
psw=F002 aw=0607 cw=0000 dw=0000 bw=0040 sp=0FFE bp=0004 ix=3004 iy=0004 ds1=1000 ps=F000 ss=1000 ds0=1000 F0607: br      0F302Fh
psw=F002 aw=0607 cw=0000 dw=0000 bw=0040 sp=0FFE bp=0004 ix=3004 iy=0004 ds1=1000 ps=F000 ss=1000 ds0=1000 F302F: mov     aw,0F000h
psw=F002 aw=F000 cw=0000 dw=0000 bw=0040 sp=0FFE bp=0004 ix=3004 iy=0004 ds1=1000 ps=F000 ss=1000 ds0=1000 F3032: mov     ds0,aw
psw=F002 aw=F000 cw=0000 dw=0000 bw=0040 sp=0FFE bp=0004 ix=3004 iy=0004 ds1=1000 ps=F000 ss=1000 ds0=F000 F3034: mov     cw,3h
psw=F002 aw=F000 cw=0003 dw=0000 bw=0040 sp=0FFE bp=0004 ix=3004 iy=0004 ds1=1000 ps=F000 ss=1000 ds0=F000 F3037: rep     ldmb    
psw=F002 aw=F003 cw=0000 dw=0000 bw=0040 sp=0FFE bp=0004 ix=3007 iy=0004 ds1=1000 ps=F000 ss=1000 ds0=F000 F3039: br      aw
psw=F002 aw=F003 cw=0000 dw=0000 bw=0040 sp=0FFE bp=0004 ix=3007 iy=0004 ds1=1000 ps=F000 ss=1000 ds0=F000 FF003: br      0F303Ch
psw=F002 aw=F003 cw=0000 dw=0000 bw=0040 sp=0FFE bp=0004 ix=3007 iy=0004 ds1=1000 ps=F000 ss=1000 ds0=F000 F303C: mov     bw,40h
psw=F002 aw=F003 cw=0000 dw=0000 bw=0040 sp=0FFE bp=0004 ix=3007 iy=0004 ds1=1000 ps=F000 ss=1000 ds0=F000 F303F: push    bw
psw=F002 aw=F003 cw=0000 dw=0000 bw=0040 sp=0FFC bp=0004 ix=3007 iy=0004 ds1=1000 ps=F000 ss=1000 ds0=F000 F3040: pop     psw
psw=F042 aw=F003 cw=0000 dw=0000 bw=0040 sp=0FFE bp=0004 ix=3007 iy=0004 ds1=1000 ps=F000 ss=1000 ds0=F000 F3041: mov     aw,0F000h
psw=F042 aw=F000 cw=0000 dw=0000 bw=0040 sp=0FFE bp=0004 ix=3007 iy=0004 ds1=1000 ps=F000 ss=1000 ds0=F000 F3044: mov     ds0,aw
psw=F042 aw=F000 cw=0000 dw=0000 bw=0040 sp=0FFE bp=0004 ix=3007 iy=0004 ds1=1000 ps=F000 ss=1000 ds0=F000 F3046: mov     cw,1h
psw=F042 aw=F000 cw=0001 dw=0000 bw=0040 sp=0FFE bp=0004 ix=3007 iy=0004 ds1=1000 ps=F000 ss=1000 ds0=F000 F3049: rep     ldmw    
psw=F042 aw=0102 cw=0000 dw=0000 bw=0040 sp=0FFE bp=0004 ix=3009 iy=0004 ds1=1000 ps=F000 ss=1000 ds0=F000 F304B: br      aw
psw=F042 aw=0102 cw=0000 dw=0000 bw=0040 sp=0FFE bp=0004 ix=3009 iy=0004 ds1=1000 ps=F000 ss=1000 ds0=F000 F0102: br      0F304Dh
psw=F042 aw=0102 cw=0000 dw=0000 bw=0040 sp=0FFE bp=0004 ix=3009 iy=0004 ds1=1000 ps=F000 ss=1000 ds0=F000 F304D: mov     cw,2h
psw=F042 aw=0102 cw=0002 dw=0000 bw=0040 sp=0FFE bp=0004 ix=3009 iy=0004 ds1=1000 ps=F000 ss=1000 ds0=F000 F3050: mov     aw,4000h
psw=F042 aw=4000 cw=0002 dw=0000 bw=0040 sp=0FFE bp=0004 ix=3009 iy=0004 ds1=1000 ps=F000 ss=1000 ds0=F000 F3053: rep     stmw    
psw=F042 aw=4000 cw=0000 dw=0000 bw=0040 sp=0FFE bp=0004 ix=3009 iy=0008 ds1=1000 ps=F000 ss=1000 ds0=F000 F3055: mov     aw,1000h
psw=F042 aw=1000 cw=0000 dw=0000 bw=0040 sp=0FFE bp=0004 ix=3009 iy=0008 ds1=1000 ps=F000 ss=1000 ds0=F000 F3058: mov     ds0,aw
psw=F042 aw=1000 cw=0000 dw=0000 bw=0040 sp=0FFE bp=0004 ix=3009 iy=0008 ds1=1000 ps=F000 ss=1000 ds0=1000 F305A: br      word ptr [6h]
psw=F042 aw=1000 cw=0000 dw=0000 bw=0040 sp=0FFE bp=0004 ix=3009 iy=0008 ds1=1000 ps=F000 ss=1000 ds0=1000 F4000: mov     bw,0h
psw=F042 aw=1000 cw=0000 dw=0000 bw=0000 sp=0FFE bp=0004 ix=3009 iy=0008 ds1=1000 ps=F000 ss=1000 ds0=1000 F4003: push    bw
psw=F042 aw=1000 cw=0000 dw=0000 bw=0000 sp=0FFC bp=0004 ix=3009 iy=0008 ds1=1000 ps=F000 ss=1000 ds0=1000 F4004: pop     psw
psw=F002 aw=1000 cw=0000 dw=0000 bw=0000 sp=0FFE bp=0004 ix=3009 iy=0008 ds1=1000 ps=F000 ss=1000 ds0=1000 F4005: mov     cw,4h
psw=F002 aw=1000 cw=0004 dw=0000 bw=0000 sp=0FFE bp=0004 ix=3009 iy=0008 ds1=1000 ps=F000 ss=1000 ds0=1000 F4008: rep     stmw    
psw=F002 aw=1000 cw=0000 dw=0000 bw=0000 sp=0FFE bp=0004 ix=3009 iy=0010 ds1=1000 ps=F000 ss=1000 ds0=1000 F400A: bcwz    0F400Dh
psw=F002 aw=1000 cw=0000 dw=0000 bw=0000 sp=0FFE bp=0004 ix=3009 iy=0010 ds1=1000 ps=F000 ss=1000 ds0=1000 F400D: mov     bw,40h
psw=F002 aw=1000 cw=0000 dw=0000 bw=0040 sp=0FFE bp=0004 ix=3009 iy=0010 ds1=1000 ps=F000 ss=1000 ds0=1000 F4010: push    bw
psw=F002 aw=1000 cw=0000 dw=0000 bw=0040 sp=0FFC bp=0004 ix=3009 iy=0010 ds1=1000 ps=F000 ss=1000 ds0=1000 F4011: pop     psw
psw=F042 aw=1000 cw=0000 dw=0000 bw=0040 sp=0FFE bp=0004 ix=3009 iy=0010 ds1=1000 ps=F000 ss=1000 ds0=1000 F4012: mov     cw,1234h
psw=F042 aw=1000 cw=1234 dw=0000 bw=0040 sp=0FFE bp=0004 ix=3009 iy=0010 ds1=1000 ps=F000 ss=1000 ds0=1000 F4015: mov     ix,3000h
psw=F042 aw=1000 cw=1234 dw=0000 bw=0040 sp=0FFE bp=0004 ix=3000 iy=0010 ds1=1000 ps=F000 ss=1000 ds0=1000 F4018: mov     iy,0h
psw=F042 aw=1000 cw=1234 dw=0000 bw=0040 sp=0FFE bp=0004 ix=3000 iy=0000 ds1=1000 ps=F000 ss=1000 ds0=1000 F401B: mov     aw,0F000h
psw=F042 aw=F000 cw=1234 dw=0000 bw=0040 sp=0FFE bp=0004 ix=3000 iy=0000 ds1=1000 ps=F000 ss=1000 ds0=1000 F401E: mov     ds0,aw
psw=F042 aw=F000 cw=1234 dw=0000 bw=0040 sp=0FFE bp=0004 ix=3000 iy=0000 ds1=1000 ps=F000 ss=1000 ds0=F000 F4020: rep     cmpbkb  
psw=F006 aw=F000 cw=122F dw=0000 bw=0040 sp=0FFE bp=0004 ix=3005 iy=0005 ds1=1000 ps=F000 ss=1000 ds0=F000 F4022: br      cw
psw=F006 aw=F000 cw=122F dw=0000 bw=0040 sp=0FFE bp=0004 ix=3005 iy=0005 ds1=1000 ps=F000 ss=1000 ds0=F000 F122F: br      0F4024h
psw=F006 aw=F000 cw=122F dw=0000 bw=0040 sp=0FFE bp=0004 ix=3005 iy=0005 ds1=1000 ps=F000 ss=1000 ds0=F000 F4024: mov     bw,40h
psw=F006 aw=F000 cw=122F dw=0000 bw=0040 sp=0FFE bp=0004 ix=3005 iy=0005 ds1=1000 ps=F000 ss=1000 ds0=F000 F4027: push    bw
psw=F006 aw=F000 cw=122F dw=0000 bw=0040 sp=0FFC bp=0004 ix=3005 iy=0005 ds1=1000 ps=F000 ss=1000 ds0=F000 F4028: pop     psw
psw=F042 aw=F000 cw=122F dw=0000 bw=0040 sp=0FFE bp=0004 ix=3005 iy=0005 ds1=1000 ps=F000 ss=1000 ds0=F000 F4029: mov     aw,40h
psw=F042 aw=0040 cw=122F dw=0000 bw=0040 sp=0FFE bp=0004 ix=3005 iy=0005 ds1=1000 ps=F000 ss=1000 ds0=F000 F402C: rep     cmpmw   
psw=F006 aw=0040 cw=122C dw=0000 bw=0040 sp=0FFE bp=0004 ix=3005 iy=000B ds1=1000 ps=F000 ss=1000 ds0=F000 F402E: br      cw
psw=F006 aw=0040 cw=122C dw=0000 bw=0040 sp=0FFE bp=0004 ix=3005 iy=000B ds1=1000 ps=F000 ss=1000 ds0=F000 F122C: br      0F4030h
psw=F006 aw=0040 cw=122C dw=0000 bw=0040 sp=0FFE bp=0004 ix=3005 iy=000B ds1=1000 ps=F000 ss=1000 ds0=F000 F4030: mov     aw,607h
psw=F006 aw=0607 cw=122C dw=0000 bw=0040 sp=0FFE bp=0004 ix=3005 iy=000B ds1=1000 ps=F000 ss=1000 ds0=F000 F4033: mov     cw,5004h
psw=F006 aw=0607 cw=5004 dw=0000 bw=0040 sp=0FFE bp=0004 ix=3005 iy=000B ds1=1000 ps=F000 ss=1000 ds0=F000 F4036: rep     cmpbkw  
psw=F002 aw=0607 cw=5003 dw=0000 bw=0040 sp=0FFE bp=0004 ix=3007 iy=000D ds1=1000 ps=F000 ss=1000 ds0=F000 F4038: rep     cmpmw   
psw=F002 aw=0607 cw=5002 dw=0000 bw=0040 sp=0FFE bp=0004 ix=3007 iy=000F ds1=1000 ps=F000 ss=1000 ds0=F000 F403A: mov     bw,40h
psw=F002 aw=0607 cw=5002 dw=0000 bw=0040 sp=0FFE bp=0004 ix=3007 iy=000F ds1=1000 ps=F000 ss=1000 ds0=F000 F403D: push    bw
psw=F002 aw=0607 cw=5002 dw=0000 bw=0040 sp=0FFC bp=0004 ix=3007 iy=000F ds1=1000 ps=F000 ss=1000 ds0=F000 F403E: pop     psw
psw=F042 aw=0607 cw=5002 dw=0000 bw=0040 sp=0FFE bp=0004 ix=3007 iy=000F ds1=1000 ps=F000 ss=1000 ds0=F000 F403F: mov     ix,3000h
psw=F042 aw=0607 cw=5002 dw=0000 bw=0040 sp=0FFE bp=0004 ix=3000 iy=000F ds1=1000 ps=F000 ss=1000 ds0=F000 F4042: mov     iy,0h
psw=F042 aw=0607 cw=5002 dw=0000 bw=0040 sp=0FFE bp=0004 ix=3000 iy=0000 ds1=1000 ps=F000 ss=1000 ds0=F000 F4045: repne   cmpbkw  
psw=F046 aw=0607 cw=5001 dw=0000 bw=0040 sp=0FFE bp=0004 ix=3002 iy=0002 ds1=1000 ps=F000 ss=1000 ds0=F000 F4047: repne   cmpmw   
psw=F046 aw=0607 cw=5000 dw=0000 bw=0040 sp=0FFE bp=0004 ix=3002 iy=0004 ds1=1000 ps=F000 ss=1000 ds0=F000 F4049: br      cw
psw=F046 aw=0607 cw=5000 dw=0000 bw=0040 sp=0FFE bp=0004 ix=3002 iy=0004 ds1=1000 ps=F000 ss=1000 ds0=F000 F5000: mov     cw,2h
psw=F046 aw=0607 cw=0002 dw=0000 bw=0040 sp=0FFE bp=0004 ix=3002 iy=0004 ds1=1000 ps=F000 ss=1000 ds0=F000 F5003: repne   movbkb  
psw=F046 aw=0607 cw=0000 dw=0000 bw=0040 sp=0FFE bp=0004 ix=3004 iy=0006 ds1=1000 ps=F000 ss=1000 ds0=F000 F5005: bcwz    0F5008h
psw=F046 aw=0607 cw=0000 dw=0000 bw=0040 sp=0FFE bp=0004 ix=3004 iy=0006 ds1=1000 ps=F000 ss=1000 ds0=F000 F5008: mov     cw,2h
psw=F046 aw=0607 cw=0002 dw=0000 bw=0040 sp=0FFE bp=0004 ix=3004 iy=0006 ds1=1000 ps=F000 ss=1000 ds0=F000 F500B: repne   ldmb    
psw=F046 aw=0604 cw=0000 dw=0000 bw=0040 sp=0FFE bp=0004 ix=3006 iy=0006 ds1=1000 ps=F000 ss=1000 ds0=F000 F500D: bcwz    0F5010h
psw=F046 aw=0604 cw=0000 dw=0000 bw=0040 sp=0FFE bp=0004 ix=3006 iy=0006 ds1=1000 ps=F000 ss=1000 ds0=F000 F5010: mov     cw,2h
psw=F046 aw=0604 cw=0002 dw=0000 bw=0040 sp=0FFE bp=0004 ix=3006 iy=0006 ds1=1000 ps=F000 ss=1000 ds0=F000 F5013: repne   stmb    
psw=F046 aw=0604 cw=0000 dw=0000 bw=0040 sp=0FFE bp=0004 ix=3006 iy=0008 ds1=1000 ps=F000 ss=1000 ds0=F000 F5015: bcwz    0F5018h
psw=F046 aw=0604 cw=0000 dw=0000 bw=0040 sp=0FFE bp=0004 ix=3006 iy=0008 ds1=1000 ps=F000 ss=1000 ds0=F000 F5018: mov     bw,0h
psw=F046 aw=0604 cw=0000 dw=0000 bw=0000 sp=0FFE bp=0004 ix=3006 iy=0008 ds1=1000 ps=F000 ss=1000 ds0=F000 F501B: push    bw
psw=F046 aw=0604 cw=0000 dw=0000 bw=0000 sp=0FFC bp=0004 ix=3006 iy=0008 ds1=1000 ps=F000 ss=1000 ds0=F000 F501C: pop     psw
psw=F002 aw=0604 cw=0000 dw=0000 bw=0000 sp=0FFE bp=0004 ix=3006 iy=0008 ds1=1000 ps=F000 ss=1000 ds0=F000 F501D: mov     cw,6023h
psw=F002 aw=0604 cw=6023 dw=0000 bw=0000 sp=0FFE bp=0004 ix=3006 iy=0008 ds1=1000 ps=F000 ss=1000 ds0=F000 F5020: set1    dir
psw=F402 aw=0604 cw=6023 dw=0000 bw=0000 sp=0FFE bp=0004 ix=3006 iy=0008 ds1=1000 ps=F000 ss=1000 ds0=F000 F5021: mov     iy,6h
psw=F402 aw=0604 cw=6023 dw=0000 bw=0000 sp=0FFE bp=0004 ix=3006 iy=0006 ds1=1000 ps=F000 ss=1000 ds0=F000 F5024: mov     ix,3006h
psw=F402 aw=0604 cw=6023 dw=0000 bw=0000 sp=0FFE bp=0004 ix=3006 iy=0006 ds1=1000 ps=F000 ss=1000 ds0=F000 F5027: repne   cmpbkw  
psw=F446 aw=0604 cw=6020 dw=0000 bw=0000 sp=0FFE bp=0004 ix=3000 iy=0000 ds1=1000 ps=F000 ss=1000 ds0=F000 F5029: mov     aw,1000h
psw=F446 aw=1000 cw=6020 dw=0000 bw=0000 sp=0FFE bp=0004 ix=3000 iy=0000 ds1=1000 ps=F000 ss=1000 ds0=F000 F502C: mov     bw,0h
psw=F446 aw=1000 cw=6020 dw=0000 bw=0000 sp=0FFE bp=0004 ix=3000 iy=0000 ds1=1000 ps=F000 ss=1000 ds0=F000 F502F: push    bw
psw=F446 aw=1000 cw=6020 dw=0000 bw=0000 sp=0FFC bp=0004 ix=3000 iy=0000 ds1=1000 ps=F000 ss=1000 ds0=F000 F5030: pop     psw
psw=F002 aw=1000 cw=6020 dw=0000 bw=0000 sp=0FFE bp=0004 ix=3000 iy=0000 ds1=1000 ps=F000 ss=1000 ds0=F000 F5031: clr1    dir
psw=F002 aw=1000 cw=6020 dw=0000 bw=0000 sp=0FFE bp=0004 ix=3000 iy=0000 ds1=1000 ps=F000 ss=1000 ds0=F000 F5032: repne   cmpmw   
psw=F046 aw=1000 cw=601B dw=0000 bw=0000 sp=0FFE bp=0004 ix=3000 iy=000A ds1=1000 ps=F000 ss=1000 ds0=F000 F5034: br      cw
psw=F046 aw=1000 cw=601B dw=0000 bw=0000 sp=0FFE bp=0004 ix=3000 iy=000A ds1=1000 ps=F000 ss=1000 ds0=F000 F601B: mov     dw,0h
psw=F046 aw=1000 cw=601B dw=0000 bw=0000 sp=0FFE bp=0004 ix=3000 iy=000A ds1=1000 ps=F000 ss=1000 ds0=F000 F601E: mov     ds0,dw
psw=F046 aw=1000 cw=601B dw=0000 bw=0000 sp=0FFE bp=0004 ix=3000 iy=000A ds1=1000 ps=F000 ss=1000 ds0=0000 F6020: mov     word ptr [4h],1234h
psw=F046 aw=1000 cw=601B dw=0000 bw=0000 sp=0FFE bp=0004 ix=3000 iy=000A ds1=1000 ps=F000 ss=1000 ds0=0000 F6026: halt    
