psw=F002 aw=0000 cw=0000 dw=0000 bw=0000 sp=0000 bp=0000 ix=0000 iy=0000 ds1=0000 ps=F000 ss=0000 ds0=0000 F0000: mov     sp,0A0h
psw=F002 aw=0000 cw=0000 dw=0000 bw=0000 sp=00A0 bp=0000 ix=0000 iy=0000 ds1=0000 ps=F000 ss=0000 ds0=0000 F0003: mov     aw,1h
psw=F002 aw=0001 cw=0000 dw=0000 bw=0000 sp=00A0 bp=0000 ix=0000 iy=0000 ds1=0000 ps=F000 ss=0000 ds0=0000 F0006: mov     bw,2h
psw=F002 aw=0001 cw=0000 dw=0000 bw=0002 sp=00A0 bp=0000 ix=0000 iy=0000 ds1=0000 ps=F000 ss=0000 ds0=0000 F0009: sub     aw,bw
psw=F097 aw=FFFF cw=0000 dw=0000 bw=0002 sp=00A0 bp=0000 ix=0000 iy=0000 ds1=0000 ps=F000 ss=0000 ds0=0000 F000B: mov     [0h],aw
psw=F097 aw=FFFF cw=0000 dw=0000 bw=0002 sp=00A0 bp=0000 ix=0000 iy=0000 ds1=0000 ps=F000 ss=0000 ds0=0000 F000E: mov     [2h],bw
psw=F097 aw=FFFF cw=0000 dw=0000 bw=0002 sp=00A0 bp=0000 ix=0000 iy=0000 ds1=0000 ps=F000 ss=0000 ds0=0000 F0012: push    psw
psw=F097 aw=FFFF cw=0000 dw=0000 bw=0002 sp=009E bp=0000 ix=0000 iy=0000 ds1=0000 ps=F000 ss=0000 ds0=0000 F0013: mov     dw,0FFFFh
psw=F097 aw=FFFF cw=0000 dw=FFFF bw=0002 sp=009E bp=0000 ix=0000 iy=0000 ds1=0000 ps=F000 ss=0000 ds0=0000 F0016: mov     word ptr [4h],0FFFFh
psw=F097 aw=FFFF cw=0000 dw=FFFF bw=0002 sp=009E bp=0000 ix=0000 iy=0000 ds1=0000 ps=F000 ss=0000 ds0=0000 F001C: sub     [4h],dw
psw=F046 aw=FFFF cw=0000 dw=FFFF bw=0002 sp=009E bp=0000 ix=0000 iy=0000 ds1=0000 ps=F000 ss=0000 ds0=0000 F0020: mov     [6h],dw
psw=F046 aw=FFFF cw=0000 dw=FFFF bw=0002 sp=009E bp=0000 ix=0000 iy=0000 ds1=0000 ps=F000 ss=0000 ds0=0000 F0024: push    psw
psw=F046 aw=FFFF cw=0000 dw=FFFF bw=0002 sp=009C bp=0000 ix=0000 iy=0000 ds1=0000 ps=F000 ss=0000 ds0=0000 F0025: mov     cw,0FFFFh
psw=F046 aw=FFFF cw=FFFF dw=FFFF bw=0002 sp=009C bp=0000 ix=0000 iy=0000 ds1=0000 ps=F000 ss=0000 ds0=0000 F0028: mov     word ptr [8h],1h
psw=F046 aw=FFFF cw=FFFF dw=FFFF bw=0002 sp=009C bp=0000 ix=0000 iy=0000 ds1=0000 ps=F000 ss=0000 ds0=0000 F002E: sub     cw,[8h]
psw=F082 aw=FFFF cw=FFFE dw=FFFF bw=0002 sp=009C bp=0000 ix=0000 iy=0000 ds1=0000 ps=F000 ss=0000 ds0=0000 F0032: mov     [0Ah],cw
psw=F082 aw=FFFF cw=FFFE dw=FFFF bw=0002 sp=009C bp=0000 ix=0000 iy=0000 ds1=0000 ps=F000 ss=0000 ds0=0000 F0036: push    psw
psw=F082 aw=FFFF cw=FFFE dw=FFFF bw=0002 sp=009A bp=0000 ix=0000 iy=0000 ds1=0000 ps=F000 ss=0000 ds0=0000 F0037: mov     aw,8000h
psw=F082 aw=8000 cw=FFFE dw=FFFF bw=0002 sp=009A bp=0000 ix=0000 iy=0000 ds1=0000 ps=F000 ss=0000 ds0=0000 F003A: sub     aw,1h
psw=F816 aw=7FFF cw=FFFE dw=FFFF bw=0002 sp=009A bp=0000 ix=0000 iy=0000 ds1=0000 ps=F000 ss=0000 ds0=0000 F003D: mov     [0Ch],aw
psw=F816 aw=7FFF cw=FFFE dw=FFFF bw=0002 sp=009A bp=0000 ix=0000 iy=0000 ds1=0000 ps=F000 ss=0000 ds0=0000 F0040: push    psw
psw=F816 aw=7FFF cw=FFFE dw=FFFF bw=0002 sp=0098 bp=0000 ix=0000 iy=0000 ds1=0000 ps=F000 ss=0000 ds0=0000 F0041: mov     bp,8000h
psw=F816 aw=7FFF cw=FFFE dw=FFFF bw=0002 sp=0098 bp=8000 ix=0000 iy=0000 ds1=0000 ps=F000 ss=0000 ds0=0000 F0044: sub     bp,-1h
psw=F093 aw=7FFF cw=FFFE dw=FFFF bw=0002 sp=0098 bp=8001 ix=0000 iy=0000 ds1=0000 ps=F000 ss=0000 ds0=0000 F0047: mov     [0Eh],bp
psw=F093 aw=7FFF cw=FFFE dw=FFFF bw=0002 sp=0098 bp=8001 ix=0000 iy=0000 ds1=0000 ps=F000 ss=0000 ds0=0000 F004B: push    psw
psw=F093 aw=7FFF cw=FFFE dw=FFFF bw=0002 sp=0096 bp=8001 ix=0000 iy=0000 ds1=0000 ps=F000 ss=0000 ds0=0000 F004C: mov     ix,7F81h
psw=F093 aw=7FFF cw=FFFE dw=FFFF bw=0002 sp=0096 bp=8001 ix=7F81 iy=0000 ds1=0000 ps=F000 ss=0000 ds0=0000 F004F: sub     ix,903Ch
psw=F893 aw=7FFF cw=FFFE dw=FFFF bw=0002 sp=0096 bp=8001 ix=EF45 iy=0000 ds1=0000 ps=F000 ss=0000 ds0=0000 F0053: mov     [10h],ix
psw=F893 aw=7FFF cw=FFFE dw=FFFF bw=0002 sp=0096 bp=8001 ix=EF45 iy=0000 ds1=0000 ps=F000 ss=0000 ds0=0000 F0057: push    psw
psw=F893 aw=7FFF cw=FFFE dw=FFFF bw=0002 sp=0094 bp=8001 ix=EF45 iy=0000 ds1=0000 ps=F000 ss=0000 ds0=0000 F0058: mov     word ptr [12h],0EFC3h
psw=F893 aw=7FFF cw=FFFE dw=FFFF bw=0002 sp=0094 bp=8001 ix=EF45 iy=0000 ds1=0000 ps=F000 ss=0000 ds0=0000 F005E: sub     word ptr [12h],0C664h
psw=F016 aw=7FFF cw=FFFE dw=FFFF bw=0002 sp=0094 bp=8001 ix=EF45 iy=0000 ds1=0000 ps=F000 ss=0000 ds0=0000 F0064: push    psw
psw=F016 aw=7FFF cw=FFFE dw=FFFF bw=0002 sp=0092 bp=8001 ix=EF45 iy=0000 ds1=0000 ps=F000 ss=0000 ds0=0000 F0065: mov     word ptr [14h],0E933h
psw=F016 aw=7FFF cw=FFFE dw=FFFF bw=0002 sp=0092 bp=8001 ix=EF45 iy=0000 ds1=0000 ps=F000 ss=0000 ds0=0000 F006B: sub     word ptr [14h],64h
psw=F096 aw=7FFF cw=FFFE dw=FFFF bw=0002 sp=0092 bp=8001 ix=EF45 iy=0000 ds1=0000 ps=F000 ss=0000 ds0=0000 F0070: push    psw
psw=F096 aw=7FFF cw=FFFE dw=FFFF bw=0002 sp=0090 bp=8001 ix=EF45 iy=0000 ds1=0000 ps=F000 ss=0000 ds0=0000 F0071: mov     byte ptr [16h],1h
psw=F096 aw=7FFF cw=FFFE dw=FFFF bw=0002 sp=0090 bp=8001 ix=EF45 iy=0000 ds1=0000 ps=F000 ss=0000 ds0=0000 F0076: sub     byte ptr [16h],2h
psw=F097 aw=7FFF cw=FFFE dw=FFFF bw=0002 sp=0090 bp=8001 ix=EF45 iy=0000 ds1=0000 ps=F000 ss=0000 ds0=0000 F007B: push    psw
psw=F097 aw=7FFF cw=FFFE dw=FFFF bw=0002 sp=008E bp=8001 ix=EF45 iy=0000 ds1=0000 ps=F000 ss=0000 ds0=0000 F007C: mov     dh,0FFh
psw=F097 aw=7FFF cw=FFFE dw=FFFF bw=0002 sp=008E bp=8001 ix=EF45 iy=0000 ds1=0000 ps=F000 ss=0000 ds0=0000 F007E: sub     dh,0FFh
psw=F046 aw=7FFF cw=FFFE dw=00FF bw=0002 sp=008E bp=8001 ix=EF45 iy=0000 ds1=0000 ps=F000 ss=0000 ds0=0000 F0081: mov     [17h],dw
psw=F046 aw=7FFF cw=FFFE dw=00FF bw=0002 sp=008E bp=8001 ix=EF45 iy=0000 ds1=0000 ps=F000 ss=0000 ds0=0000 F0085: push    psw
psw=F046 aw=7FFF cw=FFFE dw=00FF bw=0002 sp=008C bp=8001 ix=EF45 iy=0000 ds1=0000 ps=F000 ss=0000 ds0=0000 F0086: mov     al,0FFh
psw=F046 aw=7FFF cw=FFFE dw=00FF bw=0002 sp=008C bp=8001 ix=EF45 iy=0000 ds1=0000 ps=F000 ss=0000 ds0=0000 F0088: sub     al,1h
psw=F082 aw=7FFE cw=FFFE dw=00FF bw=0002 sp=008C bp=8001 ix=EF45 iy=0000 ds1=0000 ps=F000 ss=0000 ds0=0000 F008A: mov     [19h],aw
psw=F082 aw=7FFE cw=FFFE dw=00FF bw=0002 sp=008C bp=8001 ix=EF45 iy=0000 ds1=0000 ps=F000 ss=0000 ds0=0000 F008D: push    psw
psw=F082 aw=7FFE cw=FFFE dw=00FF bw=0002 sp=008A bp=8001 ix=EF45 iy=0000 ds1=0000 ps=F000 ss=0000 ds0=0000 F008E: mov     byte ptr [1Bh],80h
psw=F082 aw=7FFE cw=FFFE dw=00FF bw=0002 sp=008A bp=8001 ix=EF45 iy=0000 ds1=0000 ps=F000 ss=0000 ds0=0000 F0093: mov     ch,1h
psw=F082 aw=7FFE cw=01FE dw=00FF bw=0002 sp=008A bp=8001 ix=EF45 iy=0000 ds1=0000 ps=F000 ss=0000 ds0=0000 F0095: sub     ch,[1Bh]
psw=F887 aw=7FFE cw=81FE dw=00FF bw=0002 sp=008A bp=8001 ix=EF45 iy=0000 ds1=0000 ps=F000 ss=0000 ds0=0000 F0099: mov     [1Ch],cw
psw=F887 aw=7FFE cw=81FE dw=00FF bw=0002 sp=008A bp=8001 ix=EF45 iy=0000 ds1=0000 ps=F000 ss=0000 ds0=0000 F009D: push    psw
psw=F887 aw=7FFE cw=81FE dw=00FF bw=0002 sp=0088 bp=8001 ix=EF45 iy=0000 ds1=0000 ps=F000 ss=0000 ds0=0000 F009E: mov     bl,80h
psw=F887 aw=7FFE cw=81FE dw=00FF bw=0080 sp=0088 bp=8001 ix=EF45 iy=0000 ds1=0000 ps=F000 ss=0000 ds0=0000 F00A0: mov     byte ptr [1Eh],7Fh
psw=F887 aw=7FFE cw=81FE dw=00FF bw=0080 sp=0088 bp=8001 ix=EF45 iy=0000 ds1=0000 ps=F000 ss=0000 ds0=0000 F00A5: sub     [1Eh],bl
psw=F887 aw=7FFE cw=81FE dw=00FF bw=0080 sp=0088 bp=8001 ix=EF45 iy=0000 ds1=0000 ps=F000 ss=0000 ds0=0000 F00A9: mov     [1Fh],bw
psw=F887 aw=7FFE cw=81FE dw=00FF bw=0080 sp=0088 bp=8001 ix=EF45 iy=0000 ds1=0000 ps=F000 ss=0000 ds0=0000 F00AD: push    psw
psw=F887 aw=7FFE cw=81FE dw=00FF bw=0080 sp=0086 bp=8001 ix=EF45 iy=0000 ds1=0000 ps=F000 ss=0000 ds0=0000 F00AE: mov     al,0BCh
psw=F887 aw=7FBC cw=81FE dw=00FF bw=0080 sp=0086 bp=8001 ix=EF45 iy=0000 ds1=0000 ps=F000 ss=0000 ds0=0000 F00B0: mov     ah,8Eh
psw=F887 aw=8EBC cw=81FE dw=00FF bw=0080 sp=0086 bp=8001 ix=EF45 iy=0000 ds1=0000 ps=F000 ss=0000 ds0=0000 F00B2: sub     ah,al
psw=F087 aw=D2BC cw=81FE dw=00FF bw=0080 sp=0086 bp=8001 ix=EF45 iy=0000 ds1=0000 ps=F000 ss=0000 ds0=0000 F00B4: mov     [21h],aw
psw=F087 aw=D2BC cw=81FE dw=00FF bw=0080 sp=0086 bp=8001 ix=EF45 iy=0000 ds1=0000 ps=F000 ss=0000 ds0=0000 F00B7: push    psw
psw=F087 aw=D2BC cw=81FE dw=00FF bw=0080 sp=0084 bp=8001 ix=EF45 iy=0000 ds1=0000 ps=F000 ss=0000 ds0=0000 F00B8: mov     aw,1h
psw=F087 aw=0001 cw=81FE dw=00FF bw=0080 sp=0084 bp=8001 ix=EF45 iy=0000 ds1=0000 ps=F000 ss=0000 ds0=0000 F00BB: mov     bw,2h
psw=F087 aw=0001 cw=81FE dw=00FF bw=0002 sp=0084 bp=8001 ix=EF45 iy=0000 ds1=0000 ps=F000 ss=0000 ds0=0000 F00BE: subc    bw,aw
psw=F046 aw=0001 cw=81FE dw=00FF bw=0000 sp=0084 bp=8001 ix=EF45 iy=0000 ds1=0000 ps=F000 ss=0000 ds0=0000 F00C0: mov     [23h],aw
psw=F046 aw=0001 cw=81FE dw=00FF bw=0000 sp=0084 bp=8001 ix=EF45 iy=0000 ds1=0000 ps=F000 ss=0000 ds0=0000 F00C3: mov     [25h],bw
psw=F046 aw=0001 cw=81FE dw=00FF bw=0000 sp=0084 bp=8001 ix=EF45 iy=0000 ds1=0000 ps=F000 ss=0000 ds0=0000 F00C7: push    psw
psw=F046 aw=0001 cw=81FE dw=00FF bw=0000 sp=0082 bp=8001 ix=EF45 iy=0000 ds1=0000 ps=F000 ss=0000 ds0=0000 F00C8: mov     dw,0FFFFh
psw=F046 aw=0001 cw=81FE dw=FFFF bw=0000 sp=0082 bp=8001 ix=EF45 iy=0000 ds1=0000 ps=F000 ss=0000 ds0=0000 F00CB: mov     word ptr [27h],0FFFFh
psw=F046 aw=0001 cw=81FE dw=FFFF bw=0000 sp=0082 bp=8001 ix=EF45 iy=0000 ds1=0000 ps=F000 ss=0000 ds0=0000 F00D1: subc    [27h],dw
psw=F046 aw=0001 cw=81FE dw=FFFF bw=0000 sp=0082 bp=8001 ix=EF45 iy=0000 ds1=0000 ps=F000 ss=0000 ds0=0000 F00D5: mov     [29h],dw
psw=F046 aw=0001 cw=81FE dw=FFFF bw=0000 sp=0082 bp=8001 ix=EF45 iy=0000 ds1=0000 ps=F000 ss=0000 ds0=0000 F00D9: push    psw
psw=F046 aw=0001 cw=81FE dw=FFFF bw=0000 sp=0080 bp=8001 ix=EF45 iy=0000 ds1=0000 ps=F000 ss=0000 ds0=0000 F00DA: mov     cw,0FFFFh
psw=F046 aw=0001 cw=FFFF dw=FFFF bw=0000 sp=0080 bp=8001 ix=EF45 iy=0000 ds1=0000 ps=F000 ss=0000 ds0=0000 F00DD: mov     word ptr [2Bh],1h
psw=F046 aw=0001 cw=FFFF dw=FFFF bw=0000 sp=0080 bp=8001 ix=EF45 iy=0000 ds1=0000 ps=F000 ss=0000 ds0=0000 F00E3: subc    cw,[2Bh]
psw=F082 aw=0001 cw=FFFE dw=FFFF bw=0000 sp=0080 bp=8001 ix=EF45 iy=0000 ds1=0000 ps=F000 ss=0000 ds0=0000 F00E7: mov     [2Dh],cw
psw=F082 aw=0001 cw=FFFE dw=FFFF bw=0000 sp=0080 bp=8001 ix=EF45 iy=0000 ds1=0000 ps=F000 ss=0000 ds0=0000 F00EB: push    psw
psw=F082 aw=0001 cw=FFFE dw=FFFF bw=0000 sp=007E bp=8001 ix=EF45 iy=0000 ds1=0000 ps=F000 ss=0000 ds0=0000 F00EC: mov     aw,8000h
psw=F082 aw=8000 cw=FFFE dw=FFFF bw=0000 sp=007E bp=8001 ix=EF45 iy=0000 ds1=0000 ps=F000 ss=0000 ds0=0000 F00EF: subc    aw,1h
psw=F816 aw=7FFF cw=FFFE dw=FFFF bw=0000 sp=007E bp=8001 ix=EF45 iy=0000 ds1=0000 ps=F000 ss=0000 ds0=0000 F00F2: mov     [2Fh],aw
psw=F816 aw=7FFF cw=FFFE dw=FFFF bw=0000 sp=007E bp=8001 ix=EF45 iy=0000 ds1=0000 ps=F000 ss=0000 ds0=0000 F00F5: push    psw
psw=F816 aw=7FFF cw=FFFE dw=FFFF bw=0000 sp=007C bp=8001 ix=EF45 iy=0000 ds1=0000 ps=F000 ss=0000 ds0=0000 F00F6: mov     bp,8000h
psw=F816 aw=7FFF cw=FFFE dw=FFFF bw=0000 sp=007C bp=8000 ix=EF45 iy=0000 ds1=0000 ps=F000 ss=0000 ds0=0000 F00F9: subc    bp,-1h
psw=F093 aw=7FFF cw=FFFE dw=FFFF bw=0000 sp=007C bp=8001 ix=EF45 iy=0000 ds1=0000 ps=F000 ss=0000 ds0=0000 F00FC: mov     [31h],bp
psw=F093 aw=7FFF cw=FFFE dw=FFFF bw=0000 sp=007C bp=8001 ix=EF45 iy=0000 ds1=0000 ps=F000 ss=0000 ds0=0000 F0100: push    psw
psw=F093 aw=7FFF cw=FFFE dw=FFFF bw=0000 sp=007A bp=8001 ix=EF45 iy=0000 ds1=0000 ps=F000 ss=0000 ds0=0000 F0101: mov     ix,52C3h
psw=F093 aw=7FFF cw=FFFE dw=FFFF bw=0000 sp=007A bp=8001 ix=52C3 iy=0000 ds1=0000 ps=F000 ss=0000 ds0=0000 F0104: subc    ix,0E248h
psw=F013 aw=7FFF cw=FFFE dw=FFFF bw=0000 sp=007A bp=8001 ix=707A iy=0000 ds1=0000 ps=F000 ss=0000 ds0=0000 F0108: mov     [33h],ix
psw=F013 aw=7FFF cw=FFFE dw=FFFF bw=0000 sp=007A bp=8001 ix=707A iy=0000 ds1=0000 ps=F000 ss=0000 ds0=0000 F010C: push    psw
psw=F013 aw=7FFF cw=FFFE dw=FFFF bw=0000 sp=0078 bp=8001 ix=707A iy=0000 ds1=0000 ps=F000 ss=0000 ds0=0000 F010D: mov     word ptr [35h],0E74Ch
psw=F013 aw=7FFF cw=FFFE dw=FFFF bw=0000 sp=0078 bp=8001 ix=707A iy=0000 ds1=0000 ps=F000 ss=0000 ds0=0000 F0113: subc    word ptr [35h],22C0h
psw=F086 aw=7FFF cw=FFFE dw=FFFF bw=0000 sp=0078 bp=8001 ix=707A iy=0000 ds1=0000 ps=F000 ss=0000 ds0=0000 F0119: push    psw
psw=F086 aw=7FFF cw=FFFE dw=FFFF bw=0000 sp=0076 bp=8001 ix=707A iy=0000 ds1=0000 ps=F000 ss=0000 ds0=0000 F011A: mov     word ptr [37h],0FD85h
psw=F086 aw=7FFF cw=FFFE dw=FFFF bw=0000 sp=0076 bp=8001 ix=707A iy=0000 ds1=0000 ps=F000 ss=0000 ds0=0000 F0120: subc    word ptr [37h],-0Bh
psw=F087 aw=7FFF cw=FFFE dw=FFFF bw=0000 sp=0076 bp=8001 ix=707A iy=0000 ds1=0000 ps=F000 ss=0000 ds0=0000 F0125: push    psw
psw=F087 aw=7FFF cw=FFFE dw=FFFF bw=0000 sp=0074 bp=8001 ix=707A iy=0000 ds1=0000 ps=F000 ss=0000 ds0=0000 F0126: mov     byte ptr [39h],1h
psw=F087 aw=7FFF cw=FFFE dw=FFFF bw=0000 sp=0074 bp=8001 ix=707A iy=0000 ds1=0000 ps=F000 ss=0000 ds0=0000 F012B: subc    byte ptr [39h],2h
psw=F093 aw=7FFF cw=FFFE dw=FFFF bw=0000 sp=0074 bp=8001 ix=707A iy=0000 ds1=0000 ps=F000 ss=0000 ds0=0000 F0130: push    psw
psw=F093 aw=7FFF cw=FFFE dw=FFFF bw=0000 sp=0072 bp=8001 ix=707A iy=0000 ds1=0000 ps=F000 ss=0000 ds0=0000 F0131: mov     dh,0FFh
psw=F093 aw=7FFF cw=FFFE dw=FFFF bw=0000 sp=0072 bp=8001 ix=707A iy=0000 ds1=0000 ps=F000 ss=0000 ds0=0000 F0133: subc    dh,0FFh
psw=F087 aw=7FFF cw=FFFE dw=FFFF bw=0000 sp=0072 bp=8001 ix=707A iy=0000 ds1=0000 ps=F000 ss=0000 ds0=0000 F0136: mov     [3Ah],dw
psw=F087 aw=7FFF cw=FFFE dw=FFFF bw=0000 sp=0072 bp=8001 ix=707A iy=0000 ds1=0000 ps=F000 ss=0000 ds0=0000 F013A: push    psw
psw=F087 aw=7FFF cw=FFFE dw=FFFF bw=0000 sp=0070 bp=8001 ix=707A iy=0000 ds1=0000 ps=F000 ss=0000 ds0=0000 F013B: mov     al,0FFh
psw=F087 aw=7FFF cw=FFFE dw=FFFF bw=0000 sp=0070 bp=8001 ix=707A iy=0000 ds1=0000 ps=F000 ss=0000 ds0=0000 F013D: subc    al,1h
psw=F082 aw=7FFD cw=FFFE dw=FFFF bw=0000 sp=0070 bp=8001 ix=707A iy=0000 ds1=0000 ps=F000 ss=0000 ds0=0000 F013F: mov     [3Ch],aw
psw=F082 aw=7FFD cw=FFFE dw=FFFF bw=0000 sp=0070 bp=8001 ix=707A iy=0000 ds1=0000 ps=F000 ss=0000 ds0=0000 F0142: push    psw
psw=F082 aw=7FFD cw=FFFE dw=FFFF bw=0000 sp=006E bp=8001 ix=707A iy=0000 ds1=0000 ps=F000 ss=0000 ds0=0000 F0143: mov     byte ptr [3Eh],80h
psw=F082 aw=7FFD cw=FFFE dw=FFFF bw=0000 sp=006E bp=8001 ix=707A iy=0000 ds1=0000 ps=F000 ss=0000 ds0=0000 F0148: mov     ch,1h
psw=F082 aw=7FFD cw=01FE dw=FFFF bw=0000 sp=006E bp=8001 ix=707A iy=0000 ds1=0000 ps=F000 ss=0000 ds0=0000 F014A: subc    ch,[3Eh]
psw=F887 aw=7FFD cw=81FE dw=FFFF bw=0000 sp=006E bp=8001 ix=707A iy=0000 ds1=0000 ps=F000 ss=0000 ds0=0000 F014E: mov     [3Fh],cw
psw=F887 aw=7FFD cw=81FE dw=FFFF bw=0000 sp=006E bp=8001 ix=707A iy=0000 ds1=0000 ps=F000 ss=0000 ds0=0000 F0152: push    psw
psw=F887 aw=7FFD cw=81FE dw=FFFF bw=0000 sp=006C bp=8001 ix=707A iy=0000 ds1=0000 ps=F000 ss=0000 ds0=0000 F0153: mov     bl,80h
psw=F887 aw=7FFD cw=81FE dw=FFFF bw=0080 sp=006C bp=8001 ix=707A iy=0000 ds1=0000 ps=F000 ss=0000 ds0=0000 F0155: mov     byte ptr [41h],0FFh
psw=F887 aw=7FFD cw=81FE dw=FFFF bw=0080 sp=006C bp=8001 ix=707A iy=0000 ds1=0000 ps=F000 ss=0000 ds0=0000 F015A: subc    [41h],bl
psw=F006 aw=7FFD cw=81FE dw=FFFF bw=0080 sp=006C bp=8001 ix=707A iy=0000 ds1=0000 ps=F000 ss=0000 ds0=0000 F015E: mov     [42h],bw
psw=F006 aw=7FFD cw=81FE dw=FFFF bw=0080 sp=006C bp=8001 ix=707A iy=0000 ds1=0000 ps=F000 ss=0000 ds0=0000 F0162: push    psw
psw=F006 aw=7FFD cw=81FE dw=FFFF bw=0080 sp=006A bp=8001 ix=707A iy=0000 ds1=0000 ps=F000 ss=0000 ds0=0000 F0163: mov     al,0B9h
psw=F006 aw=7FB9 cw=81FE dw=FFFF bw=0080 sp=006A bp=8001 ix=707A iy=0000 ds1=0000 ps=F000 ss=0000 ds0=0000 F0165: mov     ah,0D3h
psw=F006 aw=D3B9 cw=81FE dw=FFFF bw=0080 sp=006A bp=8001 ix=707A iy=0000 ds1=0000 ps=F000 ss=0000 ds0=0000 F0167: subc    ah,al
psw=F012 aw=1AB9 cw=81FE dw=FFFF bw=0080 sp=006A bp=8001 ix=707A iy=0000 ds1=0000 ps=F000 ss=0000 ds0=0000 F0169: mov     [44h],aw
psw=F012 aw=1AB9 cw=81FE dw=FFFF bw=0080 sp=006A bp=8001 ix=707A iy=0000 ds1=0000 ps=F000 ss=0000 ds0=0000 F016C: push    psw
psw=F012 aw=1AB9 cw=81FE dw=FFFF bw=0080 sp=0068 bp=8001 ix=707A iy=0000 ds1=0000 ps=F000 ss=0000 ds0=0000 F016D: mov     iy,0h
psw=F012 aw=1AB9 cw=81FE dw=FFFF bw=0080 sp=0068 bp=8001 ix=707A iy=0000 ds1=0000 ps=F000 ss=0000 ds0=0000 F0170: dec     iy
psw=F096 aw=1AB9 cw=81FE dw=FFFF bw=0080 sp=0068 bp=8001 ix=707A iy=FFFF ds1=0000 ps=F000 ss=0000 ds0=0000 F0171: mov     [46h],iy
psw=F096 aw=1AB9 cw=81FE dw=FFFF bw=0080 sp=0068 bp=8001 ix=707A iy=FFFF ds1=0000 ps=F000 ss=0000 ds0=0000 F0175: push    psw
psw=F096 aw=1AB9 cw=81FE dw=FFFF bw=0080 sp=0066 bp=8001 ix=707A iy=FFFF ds1=0000 ps=F000 ss=0000 ds0=0000 F0176: mov     bp,8000h
psw=F096 aw=1AB9 cw=81FE dw=FFFF bw=0080 sp=0066 bp=8000 ix=707A iy=FFFF ds1=0000 ps=F000 ss=0000 ds0=0000 F0179: dec     bp
psw=F816 aw=1AB9 cw=81FE dw=FFFF bw=0080 sp=0066 bp=7FFF ix=707A iy=FFFF ds1=0000 ps=F000 ss=0000 ds0=0000 F017B: mov     [48h],bp
psw=F816 aw=1AB9 cw=81FE dw=FFFF bw=0080 sp=0066 bp=7FFF ix=707A iy=FFFF ds1=0000 ps=F000 ss=0000 ds0=0000 F017F: push    psw
psw=F816 aw=1AB9 cw=81FE dw=FFFF bw=0080 sp=0064 bp=7FFF ix=707A iy=FFFF ds1=0000 ps=F000 ss=0000 ds0=0000 F0180: mov     word ptr [4Ah],7412h
psw=F816 aw=1AB9 cw=81FE dw=FFFF bw=0080 sp=0064 bp=7FFF ix=707A iy=FFFF ds1=0000 ps=F000 ss=0000 ds0=0000 F0186: dec     word ptr [4Ah]
psw=F006 aw=1AB9 cw=81FE dw=FFFF bw=0080 sp=0064 bp=7FFF ix=707A iy=FFFF ds1=0000 ps=F000 ss=0000 ds0=0000 F018A: push    psw
psw=F006 aw=1AB9 cw=81FE dw=FFFF bw=0080 sp=0062 bp=7FFF ix=707A iy=FFFF ds1=0000 ps=F000 ss=0000 ds0=0000 F018B: mov     dl,0h
psw=F006 aw=1AB9 cw=81FE dw=FF00 bw=0080 sp=0062 bp=7FFF ix=707A iy=FFFF ds1=0000 ps=F000 ss=0000 ds0=0000 F018D: dec     dl
psw=F096 aw=1AB9 cw=81FE dw=FFFF bw=0080 sp=0062 bp=7FFF ix=707A iy=FFFF ds1=0000 ps=F000 ss=0000 ds0=0000 F018F: mov     [4Ch],dw
psw=F096 aw=1AB9 cw=81FE dw=FFFF bw=0080 sp=0062 bp=7FFF ix=707A iy=FFFF ds1=0000 ps=F000 ss=0000 ds0=0000 F0193: push    psw
psw=F096 aw=1AB9 cw=81FE dw=FFFF bw=0080 sp=0060 bp=7FFF ix=707A iy=FFFF ds1=0000 ps=F000 ss=0000 ds0=0000 F0194: mov     byte ptr [4Dh],80h
psw=F096 aw=1AB9 cw=81FE dw=FFFF bw=0080 sp=0060 bp=7FFF ix=707A iy=FFFF ds1=0000 ps=F000 ss=0000 ds0=0000 F0199: dec     byte ptr [4Dh]
psw=F812 aw=1AB9 cw=81FE dw=FFFF bw=0080 sp=0060 bp=7FFF ix=707A iy=FFFF ds1=0000 ps=F000 ss=0000 ds0=0000 F019D: push    psw
psw=F812 aw=1AB9 cw=81FE dw=FFFF bw=0080 sp=005E bp=7FFF ix=707A iy=FFFF ds1=0000 ps=F000 ss=0000 ds0=0000 F019E: mov     byte ptr [4Eh],0B5h
psw=F812 aw=1AB9 cw=81FE dw=FFFF bw=0080 sp=005E bp=7FFF ix=707A iy=FFFF ds1=0000 ps=F000 ss=0000 ds0=0000 F01A3: dec     byte ptr [4Eh]
psw=F086 aw=1AB9 cw=81FE dw=FFFF bw=0080 sp=005E bp=7FFF ix=707A iy=FFFF ds1=0000 ps=F000 ss=0000 ds0=0000 F01A7: push    psw
psw=F086 aw=1AB9 cw=81FE dw=FFFF bw=0080 sp=005C bp=7FFF ix=707A iy=FFFF ds1=0000 ps=F000 ss=0000 ds0=0000 F01A8: halt    
